2026-06-03 16:25:21,150 - INFO - Logging initialized: D:\PythonScripts\GitTools\ChunkyProcessor\VisualizedMode\logs\process_chunks_2026-06-03_16-25-21.log
2026-06-03 16:44:43,810 - ERROR - Fatal error
Traceback (most recent call last):
  File "D:\PythonScripts\GitTools\ChunkyProcessor\VisualizedMode\git_chunk_processor_web_ui_v4_cells_browse.py", line 418, in worker_process
    process_single_chunk(chunk, repo_path, chunks, meta, processed)
    ~~~~~~~~~~~~~~~~~~~~^^^^^^^^^^^^^^^^^^^^^^^^^^^^^^^^^^^^^^^^^^^
  File "D:\PythonScripts\GitTools\ChunkyProcessor\VisualizedMode\git_chunk_processor_web_ui_v4_cells_browse.py", line 345, in process_single_chunk
    set_progress(chunk, "Push failed", 100, f"git push failed: {out}", chunks, meta)
    ~~~~~~~~~~~~^^^^^^^^^^^^^^^^^^^^^^^^^^^^^^^^^^^^^^^^^^^^^^^^^^^^^^^^^^^^^^^^^^^^
  File "D:\PythonScripts\GitTools\ChunkyProcessor\VisualizedMode\git_chunk_processor_web_ui_v4_cells_browse.py", line 281, in set_progress
    save_state(chunks, meta)
    ~~~~~~~~~~^^^^^^^^^^^^^^
  File "D:\PythonScripts\GitTools\ChunkyProcessor\VisualizedMode\git_chunk_processor_web_ui_v4_cells_browse.py", line 274, in save_state
    STATE_JSON.write_text(json.dumps(state, indent=2), encoding="utf-8")
    ~~~~~~~~~~~~~~~~~~~~~^^^^^^^^^^^^^^^^^^^^^^^^^^^^^^^^^^^^^^^^^^^^^^^
  File "C:\Python314\Lib\pathlib\__init__.py", line 814, in write_text
    with self.open(mode='w', encoding=encoding, errors=errors, newline=newline) as f:
         ~~~~~~~~~^^^^^^^^^^^^^^^^^^^^^^^^^^^^^^^^^^^^^^^^^^^^^^^^^^^^^^^^^^^^^
  File "C:\Python314\Lib\pathlib\__init__.py", line 776, in open
    return io.open(self, mode, buffering, encoding, errors, newline)
           ~~~~~~~^^^^^^^^^^^^^^^^^^^^^^^^^^^^^^^^^^^^^^^^^^^^^^^^^^
OSError: [Errno 22] Invalid argument: 'D:\\PythonScripts\\GitTools\\ChunkyProcessor\\VisualizedMode\\chunk_processor_dashboard_runtime.json'
