2026-06-03 13:38:53,349 | INFO     |   ·  Parsing chunk plan: D:\UE World\2Towers\2Towers_Archviz_UE_Project\git_chunks.log
2026-06-03 13:38:53,371 | INFO     |   ·  Found 589 chunk(s) in plan
2026-06-03 13:38:53,373 | INFO     | Processing Chunk #1 (9 files, 24.62 MB)
2026-06-03 13:38:53,374 | INFO     |   ➕  Staging 9 file(s)…
2026-06-03 13:38:53,412 | DEBUG    |   git add OK: All_In_One.uproject
2026-06-03 13:38:53,447 | DEBUG    |   git add OK: Config\DefaultEditor.ini
2026-06-03 13:38:53,482 | DEBUG    |   git add OK: Config\DefaultEngine.ini
2026-06-03 13:38:53,515 | DEBUG    |   git add OK: Config\DefaultGame.ini
2026-06-03 13:38:53,552 | DEBUG    |   git add OK: Config\DefaultInput.ini
2026-06-03 13:38:53,671 | DEBUG    |   git add OK: Content\All_In_One\All_In_OneBackup(04-04).rar
2026-06-03 13:38:53,711 | DEBUG    |   git add OK: Content\All_In_One\Assets\360_View\BP_360Sphere.uasset
2026-06-03 13:38:53,745 | DEBUG    |   git add OK: Content\All_In_One\Assets\360_View\Images\Height_15M.uasset
2026-06-03 13:38:53,776 | DEBUG    |   git add OK: Content\All_In_One\Assets\360_View\Images\Height_20M.uasset
2026-06-03 13:38:53,776 | INFO     |   💾  Committing chunk #1…
2026-06-03 13:38:53,819 | WARNING  |   ⚠  Nothing new to commit – files already committed, treating as done.
2026-06-03 13:38:53,820 | INFO     |   🚀  Pushing to remote…
2026-06-03 13:38:59,658 | DEBUG    |   git push stdout: 
2026-06-03 13:38:59,659 | DEBUG    | Loaded 21 pushed chunks from history: processed_chunks_history.json
2026-06-03 13:38:59,662 | INFO     | Chunk #1 completed successfully (1/589)
2026-06-03 13:38:59,663 | INFO     | Processing Chunk #2 (1 files, 12.55 MB)
2026-06-03 13:38:59,663 | INFO     |   ➕  Staging 1 file(s)…
2026-06-03 13:38:59,707 | DEBUG    |   git add OK: Content\All_In_One\Assets\360_View\Images\Height_30M.uasset
2026-06-03 13:38:59,707 | INFO     |   💾  Committing chunk #2…
2026-06-03 13:38:59,752 | WARNING  |   ⚠  Nothing new to commit – files already committed, treating as done.
2026-06-03 13:38:59,753 | INFO     |   🚀  Pushing to remote…
2026-06-03 13:39:05,574 | DEBUG    |   git push stdout: 
2026-06-03 13:39:05,574 | DEBUG    | Loaded 22 pushed chunks from history: processed_chunks_history.json
2026-06-03 13:39:05,577 | INFO     | Chunk #2 completed successfully (2/589)
2026-06-03 13:39:05,577 | INFO     | Processing Chunk #3 (1 files, 12.71 MB)
2026-06-03 13:39:05,577 | INFO     |   ➕  Staging 1 file(s)…
2026-06-03 13:39:05,610 | DEBUG    |   git add OK: Content\All_In_One\Assets\360_View\Images\Height_50M.uasset
2026-06-03 13:39:05,610 | INFO     |   💾  Committing chunk #3…
2026-06-03 13:39:05,653 | WARNING  |   ⚠  Nothing new to commit – files already committed, treating as done.
2026-06-03 13:39:05,653 | INFO     |   🚀  Pushing to remote…
2026-06-03 13:39:11,660 | DEBUG    |   git push stdout: 
2026-06-03 13:39:11,661 | DEBUG    | Loaded 23 pushed chunks from history: processed_chunks_history.json
2026-06-03 13:39:11,666 | INFO     | Chunk #3 completed successfully (3/589)
2026-06-03 13:39:11,666 | INFO     | Processing Chunk #4 (157 files, 23.93 MB)
2026-06-03 13:39:11,716 | INFO     |   ➕  Staging 157 file(s)…
2026-06-03 13:39:11,785 | DEBUG    |   git add OK: Content\All_In_One\Assets\360_View\Images\Height_75M.uasset
2026-06-03 13:39:11,836 | DEBUG    |   git add OK: Content\All_In_One\Assets\360_View\M_Funcation\M_instance.uasset
2026-06-03 13:39:11,881 | DEBUG    |   git add OK: Content\All_In_One\Assets\B_View\Buttons\Amenities_02_Icon.uasset
2026-06-03 13:39:11,920 | DEBUG    |   git add OK: Content\All_In_One\Assets\B_View\Buttons\Amenities_Icon.uasset
2026-06-03 13:39:11,962 | DEBUG    |   git add OK: Content\All_In_One\Assets\B_View\Buttons\Arc_Button.uasset
2026-06-03 13:39:12,000 | DEBUG    |   git add OK: Content\All_In_One\Assets\B_View\Buttons\BG_Lable.uasset
2026-06-03 13:39:12,039 | DEBUG    |   git add OK: Content\All_In_One\Assets\B_View\Buttons\BackButton_Icon.uasset
2026-06-03 13:39:12,075 | DEBUG    |   git add OK: Content\All_In_One\Assets\B_View\Buttons\Base_Lable.uasset
2026-06-03 13:39:12,105 | DEBUG    |   git add OK: Content\All_In_One\Assets\B_View\Buttons\Black_BaseBG.uasset
2026-06-03 13:39:12,144 | DEBUG    |   git add OK: Content\All_In_One\Assets\B_View\Buttons\DayNight_Icon.uasset
2026-06-03 13:39:12,193 | DEBUG    |   git add OK: Content\All_In_One\Assets\B_View\Buttons\DropDown_Arrow.uasset
2026-06-03 13:39:12,222 | DEBUG    |   git add OK: Content\All_In_One\Assets\B_View\Buttons\Location_Icon.uasset
2026-06-03 13:39:12,261 | DEBUG    |   git add OK: Content\All_In_One\Assets\B_View\Buttons\Pngs\Amenities_02_Icon.uasset
2026-06-03 13:39:12,319 | DEBUG    |   git add OK: Content\All_In_One\Assets\B_View\Buttons\Pngs\Amenities_Icon.uasset
2026-06-03 13:39:12,359 | DEBUG    |   git add OK: Content\All_In_One\Assets\B_View\Buttons\Pngs\Arc_Button.uasset
2026-06-03 13:39:12,403 | DEBUG    |   git add OK: Content\All_In_One\Assets\B_View\Buttons\Pngs\BG_Lable.uasset
2026-06-03 13:39:12,461 | DEBUG    |   git add OK: Content\All_In_One\Assets\B_View\Buttons\Pngs\BackButton_Icon.uasset
2026-06-03 13:39:12,497 | DEBUG    |   git add OK: Content\All_In_One\Assets\B_View\Buttons\Pngs\Base_Lable.uasset
2026-06-03 13:39:12,544 | DEBUG    |   git add OK: Content\All_In_One\Assets\B_View\Buttons\Pngs\Black_BaseBG.uasset
2026-06-03 13:39:12,606 | DEBUG    |   git add OK: Content\All_In_One\Assets\B_View\Buttons\Pngs\DayNight_Icon.uasset
2026-06-03 13:39:12,655 | DEBUG    |   git add OK: Content\All_In_One\Assets\B_View\Buttons\Pngs\DropDown_Arrow.uasset
2026-06-03 13:39:12,690 | DEBUG    |   git add OK: Content\All_In_One\Assets\B_View\Buttons\Pngs\Location_Icon.uasset
2026-06-03 13:39:12,728 | DEBUG    |   git add OK: Content\All_In_One\Assets\B_View\Buttons\Pngs\ProjectHome_Icon.uasset
2026-06-03 13:39:12,761 | DEBUG    |   git add OK: Content\All_In_One\Assets\B_View\Buttons\Pngs\ProjectPlay_Icon.uasset
2026-06-03 13:39:12,797 | DEBUG    |   git add OK: Content\All_In_One\Assets\B_View\Buttons\Pngs\Rect_Holder_Trans.uasset
2026-06-03 13:39:12,832 | DEBUG    |   git add OK: Content\All_In_One\Assets\B_View\Buttons\Pngs\Selection.uasset
2026-06-03 13:39:12,867 | DEBUG    |   git add OK: Content\All_In_One\Assets\B_View\Buttons\Pngs\Selection_Button.uasset
2026-06-03 13:39:12,901 | DEBUG    |   git add OK: Content\All_In_One\Assets\B_View\Buttons\Pngs\Setting_Icon.uasset
2026-06-03 13:39:12,967 | DEBUG    |   git add OK: Content\All_In_One\Assets\B_View\Buttons\Pngs\Side_Arc.uasset
2026-06-03 13:39:13,012 | DEBUG    |   git add OK: Content\All_In_One\Assets\B_View\Buttons\Pngs\Side_Arc_Button.uasset
2026-06-03 13:39:13,098 | DEBUG    |   git add OK: Content\All_In_One\Assets\B_View\Buttons\Pngs\Square.uasset
2026-06-03 13:39:13,135 | DEBUG    |   git add OK: Content\All_In_One\Assets\B_View\Buttons\Pngs\Square_Curved.uasset
2026-06-03 13:39:13,167 | DEBUG    |   git add OK: Content\All_In_One\Assets\B_View\Buttons\Pngs\Walk_Icon.uasset
2026-06-03 13:39:13,197 | DEBUG    |   git add OK: Content\All_In_One\Assets\B_View\Buttons\Pngs\White_Dividers.uasset
2026-06-03 13:39:13,227 | DEBUG    |   git add OK: Content\All_In_One\Assets\B_View\Buttons\ProjectHome_Icon.uasset
2026-06-03 13:39:13,265 | DEBUG    |   git add OK: Content\All_In_One\Assets\B_View\Buttons\ProjectPlay_Icon.uasset
2026-06-03 13:39:13,302 | DEBUG    |   git add OK: Content\All_In_One\Assets\B_View\Buttons\Rect_Holder_Trans.uasset
2026-06-03 13:39:13,338 | DEBUG    |   git add OK: Content\All_In_One\Assets\B_View\Buttons\Selection.uasset
2026-06-03 13:39:13,373 | DEBUG    |   git add OK: Content\All_In_One\Assets\B_View\Buttons\Selection_Button.uasset
2026-06-03 13:39:13,411 | DEBUG    |   git add OK: Content\All_In_One\Assets\B_View\Buttons\Setting_Icon.uasset
2026-06-03 13:39:13,449 | DEBUG    |   git add OK: Content\All_In_One\Assets\B_View\Buttons\Side_Arc.uasset
2026-06-03 13:39:13,477 | DEBUG    |   git add OK: Content\All_In_One\Assets\B_View\Buttons\Side_Arc_Button.uasset
2026-06-03 13:39:13,508 | DEBUG    |   git add OK: Content\All_In_One\Assets\B_View\Buttons\Square_Curved.uasset
2026-06-03 13:39:13,537 | DEBUG    |   git add OK: Content\All_In_One\Assets\B_View\Buttons\White_Dividers.uasset
2026-06-03 13:39:13,579 | DEBUG    |   git add OK: Content\All_In_One\Assets\B_View\txt\Montserrat-Black.uasset
2026-06-03 13:39:13,615 | DEBUG    |   git add OK: Content\All_In_One\Assets\B_View\txt\Montserrat-Black_Font.uasset
2026-06-03 13:39:13,648 | DEBUG    |   git add OK: Content\All_In_One\Assets\B_View\txt\Montserrat-Bold.uasset
2026-06-03 13:39:13,683 | DEBUG    |   git add OK: Content\All_In_One\Assets\B_View\txt\Montserrat-Bold_Font.uasset
2026-06-03 13:39:13,727 | DEBUG    |   git add OK: Content\All_In_One\Assets\B_View\txt\Montserrat-MediumItalic.uasset
2026-06-03 13:39:13,764 | DEBUG    |   git add OK: Content\All_In_One\Assets\B_View\txt\Montserrat-MediumItalic_Font.uasset
2026-06-03 13:39:13,803 | DEBUG    |   git add OK: Content\All_In_One\Assets\B_View\txt\Montserrat-Regular.uasset
2026-06-03 13:39:13,842 | DEBUG    |   git add OK: Content\All_In_One\Assets\B_View\txt\Montserrat-Regular_Font.uasset
2026-06-03 13:39:13,877 | DEBUG    |   git add OK: Content\All_In_One\Assets\Circle.uasset
2026-06-03 13:39:13,907 | DEBUG    |   git add OK: Content\All_In_One\Assets\Circle2.uasset
2026-06-03 13:39:13,939 | DEBUG    |   git add OK: Content\All_In_One\Assets\Icon_Holder1.uasset
2026-06-03 13:39:13,989 | DEBUG    |   git add OK: Content\All_In_One\Assets\Icons\Aakash_Healthcare_Super_Speciality_Hospital.uasset
2026-06-03 13:39:14,030 | DEBUG    |   git add OK: Content\All_In_One\Assets\Icons\Aerocity.uasset
2026-06-03 13:39:14,072 | DEBUG    |   git add OK: Content\All_In_One\Assets\Icons\Bal_Bharti_School.uasset
2026-06-03 13:39:14,101 | DEBUG    |   git add OK: Content\All_In_One\Assets\Icons\Bal_Bhavan_International_School.uasset
2026-06-03 13:39:14,129 | DEBUG    |   git add OK: Content\All_In_One\Assets\Icons\Bensups_Multi-Speciality_Hospital.uasset
2026-06-03 13:39:14,158 | DEBUG    |   git add OK: Content\All_In_One\Assets\Icons\Bharat_Vandana_Park.uasset
2026-06-03 13:39:14,186 | DEBUG    |   git add OK: Content\All_In_One\Assets\Icons\Bhaskaracharya_College_of_Applied_Sciene.uasset
2026-06-03 13:39:14,223 | DEBUG    |   git add OK: Content\All_In_One\Assets\Icons\City_Centre_Mall.uasset
2026-06-03 13:39:14,286 | DEBUG    |   git add OK: Content\All_In_One\Assets\Icons\Connaught_Place.uasset
2026-06-03 13:39:14,336 | DEBUG    |   git add OK: Content\All_In_One\Assets\Icons\D21_Corporate_Park.uasset
2026-06-03 13:39:14,373 | DEBUG    |   git add OK: Content\All_In_One\Assets\Icons\DDA_Golf_Course_Dwarka.uasset
2026-06-03 13:39:14,411 | DEBUG    |   git add OK: Content\All_In_One\Assets\Icons\DLF_Cyber_City.uasset
2026-06-03 13:39:14,480 | DEBUG    |   git add OK: Content\All_In_One\Assets\Icons\Day_Night_Slider\Center_Bar.uasset
2026-06-03 13:39:14,517 | DEBUG    |   git add OK: Content\All_In_One\Assets\Icons\Day_Night_Slider\DayNight_Slider.uasset
2026-06-03 13:39:14,554 | DEBUG    |   git add OK: Content\All_In_One\Assets\Icons\Day_Night_Slider\Evening_Button.uasset
2026-06-03 13:39:14,594 | DEBUG    |   git add OK: Content\All_In_One\Assets\Icons\Day_Night_Slider\Moon_Button.uasset
2026-06-03 13:39:14,623 | DEBUG    |   git add OK: Content\All_In_One\Assets\Icons\Day_Night_Slider\Sun_Button.uasset
2026-06-03 13:39:14,656 | DEBUG    |   git add OK: Content\All_In_One\Assets\Icons\Day_Night_Slider\Top_SliderButton.uasset
2026-06-03 13:39:14,684 | DEBUG    |   git add OK: Content\All_In_One\Assets\Icons\Deen_Dayal_Upadhyaya_College.uasset
2026-06-03 13:39:14,730 | DEBUG    |   git add OK: Content\All_In_One\Assets\Icons\Delhi_Cantt.uasset
2026-06-03 13:39:14,768 | DEBUG    |   git add OK: Content\All_In_One\Assets\Icons\Delhi_International_School_Edge.uasset
2026-06-03 13:39:14,803 | DEBUG    |   git add OK: Content\All_In_One\Assets\Icons\Delhi_Public_School.uasset
2026-06-03 13:39:14,851 | DEBUG    |   git add OK: Content\All_In_One\Assets\Icons\Dhaula_Kuan.uasset
2026-06-03 13:39:14,892 | DEBUG    |   git add OK: Content\All_In_One\Assets\Icons\District_Centre__Janakpuri.uasset
2026-06-03 13:39:14,926 | DEBUG    |   git add OK: Content\All_In_One\Assets\Icons\Dwarka_Expressway.uasset
2026-06-03 13:39:14,962 | DEBUG    |   git add OK: Content\All_In_One\Assets\Icons\Dwarka_Sector_13_Metro_Station.uasset
2026-06-03 13:39:15,009 | DEBUG    |   git add OK: Content\All_In_One\Assets\Icons\Eros_Metro_Mall.uasset
2026-06-03 13:39:15,053 | DEBUG    |   git add OK: Content\All_In_One\Assets\Icons\Guru_Govind_Singh_IP_University.uasset
2026-06-03 13:39:15,086 | DEBUG    |   git add OK: Content\All_In_One\Assets\Icons\Gurugram.uasset
2026-06-03 13:39:15,125 | DEBUG    |   git add OK: Content\All_In_One\Assets\Icons\IGI_Airport___Aerocity.uasset
2026-06-03 13:39:15,200 | DEBUG    |   git add OK: Content\All_In_One\Assets\Icons\Icons_TIFF\Center_Bar.uasset
2026-06-03 13:39:15,241 | DEBUG    |   git add OK: Content\All_In_One\Assets\Icons\Icons_TIFF\Evening_Button.uasset
2026-06-03 13:39:15,287 | DEBUG    |   git add OK: Content\All_In_One\Assets\Icons\Icons_TIFF\Home_Icon.uasset
2026-06-03 13:39:15,326 | DEBUG    |   git add OK: Content\All_In_One\Assets\Icons\Icons_TIFF\Location_CenterBar.uasset
2026-06-03 13:39:15,373 | DEBUG    |   git add OK: Content\All_In_One\Assets\Icons\Icons_TIFF\Location_Icon.uasset
2026-06-03 13:39:15,418 | DEBUG    |   git add OK: Content\All_In_One\Assets\Icons\Icons_TIFF\Moon_Button.uasset
2026-06-03 13:39:15,454 | DEBUG    |   git add OK: Content\All_In_One\Assets\Icons\Icons_TIFF\Sun_Button.uasset
2026-06-03 13:39:15,491 | DEBUG    |   git add OK: Content\All_In_One\Assets\Icons\Icons_TIFF\Top_SliderButton.uasset
2026-06-03 13:39:15,526 | DEBUG    |   git add OK: Content\All_In_One\Assets\Icons\Indira_Gandhi_Hospital.uasset
2026-06-03 13:39:15,600 | DEBUG    |   git add OK: Content\All_In_One\Assets\Icons\Indraprastha_International_School.uasset
2026-06-03 13:39:15,633 | DEBUG    |   git add OK: Content\All_In_One\Assets\Icons\Janakpuri.uasset
2026-06-03 13:39:15,661 | DEBUG    |   git add OK: Content\All_In_One\Assets\Icons\Location\Home_Icon.uasset
2026-06-03 13:39:15,689 | DEBUG    |   git add OK: Content\All_In_One\Assets\Icons\Location\Location_CenterBar.uasset
2026-06-03 13:39:15,729 | DEBUG    |   git add OK: Content\All_In_One\Assets\Icons\Location\Location_Icon.uasset
2026-06-03 13:39:15,775 | DEBUG    |   git add OK: Content\All_In_One\Assets\Icons\Location\Location_Slider.uasset
2026-06-03 13:39:15,814 | DEBUG    |   git add OK: Content\All_In_One\Assets\Icons\Location\Top_SliderButton.uasset
2026-06-03 13:39:15,848 | DEBUG    |   git add OK: Content\All_In_One\Assets\Icons\Maharaja_Agrasen_Hospital.uasset
2026-06-03 13:39:15,886 | DEBUG    |   git add OK: Content\All_In_One\Assets\Icons\Manipal_Hospital.uasset
2026-06-03 13:39:15,935 | DEBUG    |   git add OK: Content\All_In_One\Assets\Icons\Max_Super_Speciality_Hospital.uasset
2026-06-03 13:39:15,971 | DEBUG    |   git add OK: Content\All_In_One\Assets\Icons\Mount_Carmel_School.uasset
2026-06-03 13:39:16,008 | DEBUG    |   git add OK: Content\All_In_One\Assets\Icons\NH-8.uasset
2026-06-03 13:39:16,042 | DEBUG    |   git add OK: Content\All_In_One\Assets\Icons\National_Law_University.uasset
2026-06-03 13:39:16,083 | DEBUG    |   git add OK: Content\All_In_One\Assets\Icons\Netaji_Subhas_University_of_Technology.uasset
2026-06-03 13:39:16,121 | DEBUG    |   git add OK: Content\All_In_One\Assets\Icons\Paschim_Vihar.uasset
2026-06-03 13:39:16,156 | DEBUG    |   git add OK: Content\All_In_One\Assets\Icons\Punjabi_Bagh.uasset
2026-06-03 13:39:16,184 | DEBUG    |   git add OK: Content\All_In_One\Assets\Icons\Radisson_Blu_Hotel__New_Delhi_Dwarka.uasset
2026-06-03 13:39:16,214 | DEBUG    |   git add OK: Content\All_In_One\Assets\Icons\Radisson_Blu_Plaza_Delhi_Airport.uasset
2026-06-03 13:39:16,241 | DEBUG    |   git add OK: Content\All_In_One\Assets\Icons\Rajouri_Garden.uasset
2026-06-03 13:39:16,278 | DEBUG    |   git add OK: Content\All_In_One\Assets\Icons\Reliance_Mall.uasset
2026-06-03 13:39:16,324 | DEBUG    |   git add OK: Content\All_In_One\Assets\Icons\Roseate_House_Andaz_New_Delhi_Aerocity.uasset
2026-06-03 13:39:16,362 | DEBUG    |   git add OK: Content\All_In_One\Assets\Icons\Samar_Hospital.uasset
2026-06-03 13:39:16,399 | DEBUG    |   git add OK: Content\All_In_One\Assets\Icons\Taj_Vivanta_New_Delhi__Dwarka.uasset
2026-06-03 13:39:16,438 | DEBUG    |   git add OK: Content\All_In_One\Assets\Icons\UER-II.uasset
2026-06-03 13:39:16,478 | DEBUG    |   git add OK: Content\All_In_One\Assets\Icons\Udyog_Vihar.uasset
2026-06-03 13:39:16,519 | DEBUG    |   git add OK: Content\All_In_One\Assets\Icons\University_School_of_Information.uasset
2026-06-03 13:39:16,554 | DEBUG    |   git add OK: Content\All_In_One\Assets\Icons\Vandana_International_School.uasset
2026-06-03 13:39:16,582 | DEBUG    |   git add OK: Content\All_In_One\Assets\Icons\Vegas_Mall.uasset
2026-06-03 13:39:16,610 | DEBUG    |   git add OK: Content\All_In_One\Assets\Icons\Venkasteshwar_Hospital.uasset
2026-06-03 13:39:16,636 | DEBUG    |   git add OK: Content\All_In_One\Assets\Icons\Venkateshwar_International_School.uasset
2026-06-03 13:39:16,669 | DEBUG    |   git add OK: Content\All_In_One\Assets\Icons\Welcomhotel_by_ITC_Hotels__Dwarka.uasset
2026-06-03 13:39:16,711 | DEBUG    |   git add OK: Content\All_In_One\Assets\Icons\Yashobhoomi_Convention_Centre__IICC_.uasset
2026-06-03 13:39:16,744 | DEBUG    |   git add OK: Content\All_In_One\Assets\Location.uasset
2026-06-03 13:39:16,782 | DEBUG    |   git add OK: Content\All_In_One\Assets\M_IconHolder.uasset
2026-06-03 13:39:16,814 | DEBUG    |   git add OK: Content\All_In_One\Assets\OutLine\M_Outline.uasset
2026-06-03 13:39:16,846 | DEBUG    |   git add OK: Content\All_In_One\Assets\OutLine\OutLine.uasset
2026-06-03 13:39:16,883 | DEBUG    |   git add OK: Content\All_In_One\Assets\OutLine\OutLine_Color.uasset
2026-06-03 13:39:16,924 | DEBUG    |   git add OK: Content\All_In_One\Assets\OutLine\Wall_Panels.uasset
2026-06-03 13:39:16,964 | DEBUG    |   git add OK: Content\All_In_One\Assets\P_View\Asset\Arrow_U.uasset
2026-06-03 13:39:17,002 | DEBUG    |   git add OK: Content\All_In_One\Assets\P_View\Asset\Arrow_U1.uasset
2026-06-03 13:39:17,033 | DEBUG    |   git add OK: Content\All_In_One\Assets\P_View\Asset\arrow_u2.uasset
2026-06-03 13:39:17,074 | DEBUG    |   git add OK: Content\All_In_One\Blueprints\BP_BaseAnchor.uasset
2026-06-03 13:39:17,113 | DEBUG    |   git add OK: Content\All_In_One\Blueprints\BP_CameraBlockVolume.uasset
2026-06-03 13:39:17,159 | DEBUG    |   git add OK: Content\All_In_One\Blueprints\BP_CameraGameMode.uasset
2026-06-03 13:39:17,204 | DEBUG    |   git add OK: Content\All_In_One\Blueprints\BP_DetectSroundingLocations.uasset
2026-06-03 13:39:17,234 | DEBUG    |   git add OK: Content\All_In_One\Blueprints\BP_FPView.uasset
2026-06-03 13:39:17,265 | DEBUG    |   git add OK: Content\All_In_One\Blueprints\BP_FPWalkPoint.uasset
2026-06-03 13:39:17,308 | DEBUG    |   git add OK: Content\All_In_One\Blueprints\BP_FocusAnchor.uasset
2026-06-03 13:39:17,352 | DEBUG    |   git add OK: Content\All_In_One\Blueprints\BP_MoveToLocation.uasset
2026-06-03 13:39:17,389 | DEBUG    |   git add OK: Content\All_In_One\Blueprints\BP_OverviewFixed.uasset
2026-06-03 13:39:17,423 | DEBUG    |   git add OK: Content\All_In_One\Blueprints\BP_OverviewOrbit.uasset
2026-06-03 13:39:17,463 | DEBUG    |   git add OK: Content\All_In_One\Blueprints\BP_PinLocation.uasset
2026-06-03 13:39:17,509 | DEBUG    |   git add OK: Content\All_In_One\Blueprints\BP_TouchOrbitCamera.uasset
2026-06-03 13:39:17,558 | DEBUG    |   git add OK: Content\All_In_One\Blueprints\BP_ToweHUD.uasset
2026-06-03 13:39:17,593 | DEBUG    |   git add OK: Content\All_In_One\Blueprints\M_UI.uasset
2026-06-03 13:39:17,628 | DEBUG    |   git add OK: Content\All_In_One\Blueprints\bckup\2\3\4\BP_CameraGameMode.uasset
2026-06-03 13:39:17,666 | DEBUG    |   git add OK: Content\All_In_One\Blueprints\bckup\2\3\4\BP_FPView.uasset
2026-06-03 13:39:17,699 | DEBUG    |   git add OK: Content\All_In_One\Blueprints\bckup\2\3\4\BP_FocusAnchor.uasset
2026-06-03 13:39:17,739 | DEBUG    |   git add OK: Content\All_In_One\Blueprints\bckup\2\3\4\BP_TouchOrbitCamera.uasset
2026-06-03 13:39:17,770 | DEBUG    |   git add OK: Content\All_In_One\Blueprints\bckup\2\3\BP_CameraGameMode.uasset
2026-06-03 13:39:17,800 | DEBUG    |   git add OK: Content\All_In_One\Blueprints\bckup\2\3\BP_FPView.uasset
2026-06-03 13:39:17,827 | DEBUG    |   git add OK: Content\All_In_One\Blueprints\bckup\2\3\BP_FocusAnchor.uasset
2026-06-03 13:39:17,888 | DEBUG    |   git add OK: Content\All_In_One\Blueprints\bckup\2\3\BP_TouchOrbitCamera.uasset
2026-06-03 13:39:17,889 | INFO     |   💾  Committing chunk #4…
2026-06-03 13:39:17,941 | WARNING  |   ⚠  Nothing new to commit – files already committed, treating as done.
2026-06-03 13:39:17,941 | INFO     |   🚀  Pushing to remote…
2026-06-03 13:39:23,865 | DEBUG    |   git push stdout: 
2026-06-03 13:39:23,866 | DEBUG    | Loaded 24 pushed chunks from history: processed_chunks_history.json
2026-06-03 13:39:23,873 | INFO     | Chunk #4 completed successfully (4/589)
2026-06-03 13:39:23,875 | INFO     | Processing Chunk #5 (1 files, 25.0 MB)
2026-06-03 13:39:23,876 | INFO     |   ➕  Staging 1 file(s)…
2026-06-03 13:39:23,929 | DEBUG    |   git add OK: Content\All_In_One\Maps\02Towers_part000.umap
2026-06-03 13:39:23,929 | INFO     |   💾  Committing chunk #5…
2026-06-03 13:39:23,982 | WARNING  |   ⚠  Nothing new to commit – files already committed, treating as done.
2026-06-03 13:39:24,005 | INFO     |   🚀  Pushing to remote…
2026-06-03 13:39:30,008 | DEBUG    |   git push stdout: 
2026-06-03 13:39:30,009 | DEBUG    | Loaded 25 pushed chunks from history: processed_chunks_history.json
2026-06-03 13:39:30,013 | INFO     | Chunk #5 completed successfully (5/589)
2026-06-03 13:39:30,014 | INFO     | Processing Chunk #6 (15 files, 24.99 MB)
2026-06-03 13:39:30,015 | INFO     |   ➕  Staging 15 file(s)…
2026-06-03 13:39:30,046 | DEBUG    |   git add OK: Content\All_In_One\Maps\02Towers_part001.umap
2026-06-03 13:39:30,094 | DEBUG    |   git add OK: Content\All_In_One\Maps\Eldeco_01_sharedassets\AutoMaterial_LayerInfo.uasset
2026-06-03 13:39:30,125 | DEBUG    |   git add OK: Content\All_In_One\Maps\Eldeco_01_sharedassets\Ground_LayerInfo.uasset
2026-06-03 13:39:30,160 | DEBUG    |   git add OK: Content\All_In_One\Maps\Eldeco_01_sharedassets\MidHigh_LayerInfo.uasset
2026-06-03 13:39:30,187 | DEBUG    |   git add OK: Content\All_In_One\Maps\Eldeco_01_sharedassets\MidLow_LayerInfo.uasset
2026-06-03 13:39:30,214 | DEBUG    |   git add OK: Content\All_In_One\Maps\MAp.uasset
2026-06-03 13:39:30,247 | DEBUG    |   git add OK: Content\All_In_One\Maps\Tree_map.uasset
2026-06-03 13:39:30,275 | DEBUG    |   git add OK: Content\All_In_One\Materials\M_Outline.uasset
2026-06-03 13:39:30,314 | DEBUG    |   git add OK: Content\All_In_One\Models\Unreal_01\Assets\Books_Set01.uasset
2026-06-03 13:39:30,343 | DEBUG    |   git add OK: Content\All_In_One\Models\Unreal_01\Assets\Books_Set02.uasset
2026-06-03 13:39:30,375 | DEBUG    |   git add OK: Content\All_In_One\Models\Unreal_01\Assets\Books_Set03.uasset
2026-06-03 13:39:30,403 | DEBUG    |   git add OK: Content\All_In_One\Models\Unreal_01\Assets\Books_Set04.uasset
2026-06-03 13:39:30,430 | DEBUG    |   git add OK: Content\All_In_One\Models\Unreal_01\Assets\Chair_Evie_Velvet.uasset
2026-06-03 13:39:30,461 | DEBUG    |   git add OK: Content\All_In_One\Models\Unreal_01\Assets\Chair_Rubautelli.uasset
2026-06-03 13:39:30,495 | DEBUG    |   git add OK: Content\All_In_One\Models\Unreal_01\Assets\CoffeeTable_Max_Oak.uasset
2026-06-03 13:39:30,495 | INFO     |   💾  Committing chunk #6…
2026-06-03 13:39:30,540 | WARNING  |   ⚠  Nothing new to commit – files already committed, treating as done.
2026-06-03 13:39:30,541 | INFO     |   🚀  Pushing to remote…
2026-06-03 13:39:36,536 | DEBUG    |   git push stdout: 
2026-06-03 13:39:36,536 | DEBUG    | Loaded 26 pushed chunks from history: processed_chunks_history.json
2026-06-03 13:39:36,540 | INFO     | Chunk #6 completed successfully (6/589)
2026-06-03 13:39:36,540 | INFO     | Processing Chunk #7 (32 files, 23.27 MB)
2026-06-03 13:39:36,543 | INFO     |   ➕  Staging 32 file(s)…
2026-06-03 13:39:36,584 | DEBUG    |   git add OK: Content\All_In_One\Models\Unreal_01\Assets\DiningChair_Nordic_White.uasset
2026-06-03 13:39:36,616 | DEBUG    |   git add OK: Content\All_In_One\Models\Unreal_01\Assets\Dining_Table_Nordic_90cm_White.uasset
2026-06-03 13:39:36,647 | DEBUG    |   git add OK: Content\All_In_One\Models\Unreal_01\Assets\DumbellStand.uasset
2026-06-03 13:39:36,681 | DEBUG    |   git add OK: Content\All_In_One\Models\Unreal_01\Assets\Exercise_bike.uasset
2026-06-03 13:39:36,714 | DEBUG    |   git add OK: Content\All_In_One\Models\Unreal_01\Assets\InDoorPlants\AlexandraeArecaPalm.uasset
2026-06-03 13:39:36,747 | DEBUG    |   git add OK: Content\All_In_One\Models\Unreal_01\Assets\InDoorPlants\AlocasiaPolly.uasset
2026-06-03 13:39:36,785 | DEBUG    |   git add OK: Content\All_In_One\Models\Unreal_01\Assets\InDoorPlants\ArecaPalm.uasset
2026-06-03 13:39:36,823 | DEBUG    |   git add OK: Content\All_In_One\Models\Unreal_01\Assets\InDoorPlants\ChamaedoreaElegans.uasset
2026-06-03 13:39:36,862 | DEBUG    |   git add OK: Content\All_In_One\Models\Unreal_01\Assets\InDoorPlants\FICUS_LYRATA.uasset
2026-06-03 13:39:36,899 | DEBUG    |   git add OK: Content\All_In_One\Models\Unreal_01\Assets\InDoorPlants\LivistonaChinesis.uasset
2026-06-03 13:39:36,935 | DEBUG    |   git add OK: Content\All_In_One\Models\Unreal_01\Assets\InDoorPlants\MI_Ficus_Lyrata.uasset
2026-06-03 13:39:36,968 | DEBUG    |   git add OK: Content\All_In_One\Models\Unreal_01\Assets\InDoorPlants\MI_MetalPot.uasset
2026-06-03 13:39:37,039 | DEBUG    |   git add OK: Content\All_In_One\Models\Unreal_01\Assets\InDoorPlants\MONSTERA_Pot.uasset
2026-06-03 13:39:37,080 | DEBUG    |   git add OK: Content\All_In_One\Models\Unreal_01\Assets\InDoorPlants\Materials\MI_AlocasiaPolly.uasset
2026-06-03 13:39:37,110 | DEBUG    |   git add OK: Content\All_In_One\Models\Unreal_01\Assets\InDoorPlants\Materials\MI_ChamaedoreaElegans.uasset
2026-06-03 13:39:37,142 | DEBUG    |   git add OK: Content\All_In_One\Models\Unreal_01\Assets\InDoorPlants\Materials\MI_Ficus_Lyrata.uasset
2026-06-03 13:39:37,181 | DEBUG    |   git add OK: Content\All_In_One\Models\Unreal_01\Assets\InDoorPlants\Materials\MI_MONSTERA_Deliciosa.uasset
2026-06-03 13:39:37,211 | DEBUG    |   git add OK: Content\All_In_One\Models\Unreal_01\Assets\InDoorPlants\Materials\MI_MetalPot.uasset
2026-06-03 13:39:37,258 | DEBUG    |   git add OK: Content\All_In_One\Models\Unreal_01\Assets\InDoorPlants\Materials\MI_PhilondendronBirkin.uasset
2026-06-03 13:39:37,295 | DEBUG    |   git add OK: Content\All_In_One\Models\Unreal_01\Assets\InDoorPlants\Materials\MI_PlanterCross.uasset
2026-06-03 13:39:37,334 | DEBUG    |   git add OK: Content\All_In_One\Models\Unreal_01\Assets\InDoorPlants\Materials\MI_PlanterCrossDark.uasset
2026-06-03 13:39:37,370 | DEBUG    |   git add OK: Content\All_In_One\Models\Unreal_01\Assets\InDoorPlants\Materials\MI_STRELITZIA_NICOLAI.uasset
2026-06-03 13:39:37,402 | DEBUG    |   git add OK: Content\All_In_One\Models\Unreal_01\Assets\InDoorPlants\Materials\MI_STRELITZIA_REGINAE.uasset
2026-06-03 13:39:37,435 | DEBUG    |   git add OK: Content\All_In_One\Models\Unreal_01\Assets\InDoorPlants\Materials\MI_Sansevieria.uasset
2026-06-03 13:39:37,468 | DEBUG    |   git add OK: Content\All_In_One\Models\Unreal_01\Assets\InDoorPlants\PhilondendronBirkin.uasset
2026-06-03 13:39:37,498 | DEBUG    |   git add OK: Content\All_In_One\Models\Unreal_01\Assets\InDoorPlants\STRELITZIA_NICOLAI.uasset
2026-06-03 13:39:37,532 | DEBUG    |   git add OK: Content\All_In_One\Models\Unreal_01\Assets\InDoorPlants\STRELITZIA_REGINAE.uasset
2026-06-03 13:39:37,570 | DEBUG    |   git add OK: Content\All_In_One\Models\Unreal_01\Assets\InDoorPlants\Sansevieria.uasset
2026-06-03 13:39:37,603 | DEBUG    |   git add OK: Content\All_In_One\Models\Unreal_01\Assets\InDoorPlants\Textures\AlocasiaPolly_BaseColor.uasset
2026-06-03 13:39:37,645 | DEBUG    |   git add OK: Content\All_In_One\Models\Unreal_01\Assets\InDoorPlants\Textures\AlocasiaPolly_Normal.uasset
2026-06-03 13:39:37,680 | DEBUG    |   git add OK: Content\All_In_One\Models\Unreal_01\Assets\InDoorPlants\Textures\AlocasiaPolly_OcclusionRoughnessMetallic.uasset
2026-06-03 13:39:37,711 | DEBUG    |   git add OK: Content\All_In_One\Models\Unreal_01\Assets\InDoorPlants\Textures\ArecaPalm_BaseColor.uasset
2026-06-03 13:39:37,711 | INFO     |   💾  Committing chunk #7…
2026-06-03 13:39:37,757 | WARNING  |   ⚠  Nothing new to commit – files already committed, treating as done.
2026-06-03 13:39:37,758 | INFO     |   🚀  Pushing to remote…
2026-06-03 13:39:43,750 | DEBUG    |   git push stdout: 
2026-06-03 13:39:43,750 | DEBUG    | Loaded 27 pushed chunks from history: processed_chunks_history.json
2026-06-03 13:39:43,754 | INFO     | Chunk #7 completed successfully (7/589)
2026-06-03 13:39:43,754 | INFO     | Processing Chunk #8 (6 files, 22.6 MB)
2026-06-03 13:39:43,755 | INFO     |   ➕  Staging 6 file(s)…
2026-06-03 13:39:43,794 | DEBUG    |   git add OK: Content\All_In_One\Models\Unreal_01\Assets\InDoorPlants\Textures\ArecaPalm_Normal.uasset
2026-06-03 13:39:43,839 | DEBUG    |   git add OK: Content\All_In_One\Models\Unreal_01\Assets\InDoorPlants\Textures\ArecaPalm_OcclusionRoughnessMetallic.uasset
2026-06-03 13:39:43,876 | DEBUG    |   git add OK: Content\All_In_One\Models\Unreal_01\Assets\InDoorPlants\Textures\CeramicPot_BaseColor.uasset
2026-06-03 13:39:43,912 | DEBUG    |   git add OK: Content\All_In_One\Models\Unreal_01\Assets\InDoorPlants\Textures\CeramicPot_Normal.uasset
2026-06-03 13:39:43,946 | DEBUG    |   git add OK: Content\All_In_One\Models\Unreal_01\Assets\InDoorPlants\Textures\CeramicPot_OcclusionRoughnessMetallic.uasset
2026-06-03 13:39:43,985 | DEBUG    |   git add OK: Content\All_In_One\Models\Unreal_01\Assets\InDoorPlants\Textures\ChamaedoreaElegans_BaseColor.uasset
2026-06-03 13:39:43,985 | INFO     |   💾  Committing chunk #8…
2026-06-03 13:39:44,030 | WARNING  |   ⚠  Nothing new to commit – files already committed, treating as done.
2026-06-03 13:39:44,031 | INFO     |   🚀  Pushing to remote…
2026-06-03 13:39:49,964 | DEBUG    |   git push stdout: 
2026-06-03 13:39:49,964 | DEBUG    | Loaded 28 pushed chunks from history: processed_chunks_history.json
2026-06-03 13:39:49,967 | INFO     | Chunk #8 completed successfully (8/589)
2026-06-03 13:39:49,968 | INFO     | Processing Chunk #9 (11 files, 22.93 MB)
2026-06-03 13:39:49,969 | INFO     |   ➕  Staging 11 file(s)…
2026-06-03 13:39:50,012 | DEBUG    |   git add OK: Content\All_In_One\Models\Unreal_01\Assets\InDoorPlants\Textures\ChamaedoreaElegans_Normal.uasset
2026-06-03 13:39:50,046 | DEBUG    |   git add OK: Content\All_In_One\Models\Unreal_01\Assets\InDoorPlants\Textures\ChamaedoreaElegans_OcclusionRoughnessMetallic.uasset
2026-06-03 13:39:50,083 | DEBUG    |   git add OK: Content\All_In_One\Models\Unreal_01\Assets\InDoorPlants\Textures\FICUS_LYRATA_BaseColor.uasset
2026-06-03 13:39:50,119 | DEBUG    |   git add OK: Content\All_In_One\Models\Unreal_01\Assets\InDoorPlants\Textures\FICUS_LYRATA_Normal.uasset
2026-06-03 13:39:50,150 | DEBUG    |   git add OK: Content\All_In_One\Models\Unreal_01\Assets\InDoorPlants\Textures\FICUS_LYRATA_OcclusionRoughnessMetallic.uasset
2026-06-03 13:39:50,180 | DEBUG    |   git add OK: Content\All_In_One\Models\Unreal_01\Assets\InDoorPlants\Textures\LivistonaChinesis_BaseColor.uasset
2026-06-03 13:39:50,208 | DEBUG    |   git add OK: Content\All_In_One\Models\Unreal_01\Assets\InDoorPlants\Textures\LivistonaChinesis_Normal.uasset
2026-06-03 13:39:50,239 | DEBUG    |   git add OK: Content\All_In_One\Models\Unreal_01\Assets\InDoorPlants\Textures\LivistonaChinesis_OcclusionRoughnessMetallic.uasset
2026-06-03 13:39:50,287 | DEBUG    |   git add OK: Content\All_In_One\Models\Unreal_01\Assets\InDoorPlants\Textures\MI_AlexandraeArecaPalm.uasset
2026-06-03 13:39:50,323 | DEBUG    |   git add OK: Content\All_In_One\Models\Unreal_01\Assets\InDoorPlants\Textures\MI_CeramicPot.uasset
2026-06-03 13:39:50,357 | DEBUG    |   git add OK: Content\All_In_One\Models\Unreal_01\Assets\InDoorPlants\Textures\MI_LivistonaChinesis.uasset
2026-06-03 13:39:50,357 | INFO     |   💾  Committing chunk #9…
2026-06-03 13:39:50,401 | WARNING  |   ⚠  Nothing new to commit – files already committed, treating as done.
2026-06-03 13:39:50,401 | INFO     |   🚀  Pushing to remote…
2026-06-03 13:39:56,390 | DEBUG    |   git push stdout: 
2026-06-03 13:39:56,391 | DEBUG    | Loaded 29 pushed chunks from history: processed_chunks_history.json
2026-06-03 13:39:56,393 | INFO     | Chunk #9 completed successfully (9/589)
2026-06-03 13:39:56,393 | INFO     | Processing Chunk #10 (7 files, 23.87 MB)
2026-06-03 13:39:56,393 | INFO     |   ➕  Staging 7 file(s)…
2026-06-03 13:39:56,422 | DEBUG    |   git add OK: Content\All_In_One\Models\Unreal_01\Assets\InDoorPlants\Textures\MONSTERA_Deliciosa_BaseColor.uasset
2026-06-03 13:39:56,460 | DEBUG    |   git add OK: Content\All_In_One\Models\Unreal_01\Assets\InDoorPlants\Textures\MONSTERA_Deliciosa_Normal.uasset
2026-06-03 13:39:56,492 | DEBUG    |   git add OK: Content\All_In_One\Models\Unreal_01\Assets\InDoorPlants\Textures\MONSTERA_Deliciosa_OcclusionRoughnessMetallic.uasset
2026-06-03 13:39:56,523 | DEBUG    |   git add OK: Content\All_In_One\Models\Unreal_01\Assets\InDoorPlants\Textures\MetalPot_BaseColor.uasset
2026-06-03 13:39:56,553 | DEBUG    |   git add OK: Content\All_In_One\Models\Unreal_01\Assets\InDoorPlants\Textures\MetalPot_Normal.uasset
2026-06-03 13:39:56,585 | DEBUG    |   git add OK: Content\All_In_One\Models\Unreal_01\Assets\InDoorPlants\Textures\MetalPot_OcclusionRoughnessMetallic.uasset
2026-06-03 13:39:56,623 | DEBUG    |   git add OK: Content\All_In_One\Models\Unreal_01\Assets\InDoorPlants\Textures\PhilondendronBirkin_BaseColor.uasset
2026-06-03 13:39:56,623 | INFO     |   💾  Committing chunk #10…
2026-06-03 13:39:56,675 | WARNING  |   ⚠  Nothing new to commit – files already committed, treating as done.
2026-06-03 13:39:56,676 | INFO     |   🚀  Pushing to remote…
2026-06-03 13:40:02,572 | DEBUG    |   git push stdout: 
2026-06-03 13:40:02,572 | DEBUG    | Loaded 30 pushed chunks from history: processed_chunks_history.json
2026-06-03 13:40:02,578 | INFO     | Chunk #10 completed successfully (10/589)
2026-06-03 13:40:02,578 | INFO     | Processing Chunk #11 (8 files, 24.92 MB)
2026-06-03 13:40:02,579 | INFO     |   ➕  Staging 8 file(s)…
2026-06-03 13:40:02,617 | DEBUG    |   git add OK: Content\All_In_One\Models\Unreal_01\Assets\InDoorPlants\Textures\PhilondendronBirkin_Normal.uasset
2026-06-03 13:40:02,653 | DEBUG    |   git add OK: Content\All_In_One\Models\Unreal_01\Assets\InDoorPlants\Textures\PhilondendronBirkin_OcclusionRoughnessMetallic.uasset
2026-06-03 13:40:02,689 | DEBUG    |   git add OK: Content\All_In_One\Models\Unreal_01\Assets\InDoorPlants\Textures\PlanterCrossDark_BaseColor.uasset
2026-06-03 13:40:02,728 | DEBUG    |   git add OK: Content\All_In_One\Models\Unreal_01\Assets\InDoorPlants\Textures\PlanterCrossDark_Normal.uasset
2026-06-03 13:40:02,772 | DEBUG    |   git add OK: Content\All_In_One\Models\Unreal_01\Assets\InDoorPlants\Textures\PlanterCrossDark_OcclusionRoughnessMetallic.uasset
2026-06-03 13:40:02,803 | DEBUG    |   git add OK: Content\All_In_One\Models\Unreal_01\Assets\InDoorPlants\Textures\PlanterCross_BaseColor.uasset
2026-06-03 13:40:02,833 | DEBUG    |   git add OK: Content\All_In_One\Models\Unreal_01\Assets\InDoorPlants\Textures\PlanterCross_Normal.uasset
2026-06-03 13:40:02,862 | DEBUG    |   git add OK: Content\All_In_One\Models\Unreal_01\Assets\InDoorPlants\Textures\PlanterCross_OcclusionRoughnessMetallic.uasset
2026-06-03 13:40:02,862 | INFO     |   💾  Committing chunk #11…
2026-06-03 13:40:02,906 | WARNING  |   ⚠  Nothing new to commit – files already committed, treating as done.
2026-06-03 13:40:02,906 | INFO     |   🚀  Pushing to remote…
2026-06-03 13:40:08,800 | DEBUG    |   git push stdout: 
2026-06-03 13:40:08,801 | DEBUG    | Loaded 31 pushed chunks from history: processed_chunks_history.json
2026-06-03 13:40:08,805 | INFO     | Chunk #11 completed successfully (11/589)
2026-06-03 13:40:08,806 | INFO     | Processing Chunk #12 (7 files, 23.3 MB)
2026-06-03 13:40:08,807 | INFO     |   ➕  Staging 7 file(s)…
2026-06-03 13:40:08,841 | DEBUG    |   git add OK: Content\All_In_One\Models\Unreal_01\Assets\InDoorPlants\Textures\STRELITZIA_NICOLAI_BaseColor.uasset
2026-06-03 13:40:08,872 | DEBUG    |   git add OK: Content\All_In_One\Models\Unreal_01\Assets\InDoorPlants\Textures\STRELITZIA_NICOLAI_Normal.uasset
2026-06-03 13:40:08,910 | DEBUG    |   git add OK: Content\All_In_One\Models\Unreal_01\Assets\InDoorPlants\Textures\STRELITZIA_NICOLAI_OcclusionRoughnessMetallic.uasset
2026-06-03 13:40:08,947 | DEBUG    |   git add OK: Content\All_In_One\Models\Unreal_01\Assets\InDoorPlants\Textures\STRELITZIA_REGINAE_BaseColor.uasset
2026-06-03 13:40:09,040 | DEBUG    |   git add OK: Content\All_In_One\Models\Unreal_01\Assets\InDoorPlants\Textures\STRELITZIA_REGINAE_Normal.uasset
2026-06-03 13:40:09,069 | DEBUG    |   git add OK: Content\All_In_One\Models\Unreal_01\Assets\InDoorPlants\Textures\STRELITZIA_REGINAE_OcclusionRoughnessMetallic.uasset
2026-06-03 13:40:09,098 | DEBUG    |   git add OK: Content\All_In_One\Models\Unreal_01\Assets\InDoorPlants\Textures\Sansevieria_BaseColor.uasset
2026-06-03 13:40:09,098 | INFO     |   💾  Committing chunk #12…
2026-06-03 13:40:09,141 | WARNING  |   ⚠  Nothing new to commit – files already committed, treating as done.
2026-06-03 13:40:09,141 | INFO     |   🚀  Pushing to remote…
2026-06-03 13:40:14,826 | DEBUG    |   git push stdout: 
2026-06-03 13:40:14,827 | DEBUG    | Loaded 32 pushed chunks from history: processed_chunks_history.json
2026-06-03 13:40:14,833 | INFO     | Chunk #12 completed successfully (12/589)
2026-06-03 13:40:14,833 | INFO     | Processing Chunk #13 (2 files, 6.2 MB)
2026-06-03 13:40:14,834 | INFO     |   ➕  Staging 2 file(s)…
2026-06-03 13:40:14,880 | DEBUG    |   git add OK: Content\All_In_One\Models\Unreal_01\Assets\InDoorPlants\Textures\Sansevieria_Normal.uasset
2026-06-03 13:40:14,910 | DEBUG    |   git add OK: Content\All_In_One\Models\Unreal_01\Assets\InDoorPlants\Textures\Sansevieria_OcclusionRoughnessMetallic.uasset
2026-06-03 13:40:14,910 | INFO     |   💾  Committing chunk #13…
2026-06-03 13:40:14,952 | WARNING  |   ⚠  Nothing new to commit – files already committed, treating as done.
2026-06-03 13:40:14,952 | INFO     |   🚀  Pushing to remote…
2026-06-03 13:40:20,722 | DEBUG    |   git push stdout: 
2026-06-03 13:40:20,723 | DEBUG    | Loaded 33 pushed chunks from history: processed_chunks_history.json
2026-06-03 13:40:20,727 | INFO     | Chunk #13 completed successfully (13/589)
2026-06-03 13:40:20,727 | INFO     | Processing Chunk #14 (1 files, 25.0 MB)
2026-06-03 13:40:20,728 | INFO     |   ➕  Staging 1 file(s)…
2026-06-03 13:40:20,767 | DEBUG    |   git add OK: Content\All_In_One\Models\Unreal_01\Assets\LifeFitness_part000.uasset
2026-06-03 13:40:20,767 | INFO     |   💾  Committing chunk #14…
2026-06-03 13:40:20,809 | WARNING  |   ⚠  Nothing new to commit – files already committed, treating as done.
2026-06-03 13:40:20,810 | INFO     |   🚀  Pushing to remote…
2026-06-03 13:40:27,043 | DEBUG    |   git push stdout: 
2026-06-03 13:40:27,043 | DEBUG    | Loaded 34 pushed chunks from history: processed_chunks_history.json
2026-06-03 13:40:27,046 | INFO     | Chunk #14 completed successfully (14/589)
2026-06-03 13:40:27,046 | INFO     | Processing Chunk #15 (21 files, 24.03 MB)
2026-06-03 13:40:27,048 | INFO     |   ➕  Staging 21 file(s)…
2026-06-03 13:40:27,086 | DEBUG    |   git add OK: Content\All_In_One\Models\Unreal_01\Assets\LifeFitness_part001.uasset
2026-06-03 13:40:27,124 | DEBUG    |   git add OK: Content\All_In_One\Models\Unreal_01\Assets\LowerBodyWorkOut.uasset
2026-06-03 13:40:27,159 | DEBUG    |   git add OK: Content\All_In_One\Models\Unreal_01\Assets\MI_BookSet_01.uasset
2026-06-03 13:40:27,193 | DEBUG    |   git add OK: Content\All_In_One\Models\Unreal_01\Assets\MI_BookSet_02.uasset
2026-06-03 13:40:27,222 | DEBUG    |   git add OK: Content\All_In_One\Models\Unreal_01\Assets\MI_BookSet_03.uasset
2026-06-03 13:40:27,251 | DEBUG    |   git add OK: Content\All_In_One\Models\Unreal_01\Assets\MI_BookSet_04.uasset
2026-06-03 13:40:27,282 | DEBUG    |   git add OK: Content\All_In_One\Models\Unreal_01\Assets\MI_Roller.uasset
2026-06-03 13:40:27,311 | DEBUG    |   git add OK: Content\All_In_One\Models\Unreal_01\Assets\MI_Rug.uasset
2026-06-03 13:40:27,345 | DEBUG    |   git add OK: Content\All_In_One\Models\Unreal_01\Assets\MI_SingleBook.uasset
2026-06-03 13:40:27,383 | DEBUG    |   git add OK: Content\All_In_One\Models\Unreal_01\Assets\MI_Sofa_Lobby.uasset
2026-06-03 13:40:27,422 | DEBUG    |   git add OK: Content\All_In_One\Models\Unreal_01\Assets\MI_Table_Balzac_Coffee.uasset
2026-06-03 13:40:27,456 | DEBUG    |   git add OK: Content\All_In_One\Models\Unreal_01\Assets\Materials\01Chair_BaseColor.uasset
2026-06-03 13:40:27,492 | DEBUG    |   git add OK: Content\All_In_One\Models\Unreal_01\Assets\Materials\01Chair_Normal.uasset
2026-06-03 13:40:27,528 | DEBUG    |   git add OK: Content\All_In_One\Models\Unreal_01\Assets\Materials\01Chair_OcclusionRoughnessMetallic.uasset
2026-06-03 13:40:27,560 | DEBUG    |   git add OK: Content\All_In_One\Models\Unreal_01\Assets\Materials\Books_Set01_AlbedoTransparency.uasset
2026-06-03 13:40:27,597 | DEBUG    |   git add OK: Content\All_In_One\Models\Unreal_01\Assets\Materials\Books_Set02_AlbedoTransparency.uasset
2026-06-03 13:40:27,632 | DEBUG    |   git add OK: Content\All_In_One\Models\Unreal_01\Assets\Materials\Books_Set03_AlbedoTransparency.uasset
2026-06-03 13:40:27,671 | DEBUG    |   git add OK: Content\All_In_One\Models\Unreal_01\Assets\Materials\Books_Set04_AlbedoTransparency.uasset
2026-06-03 13:40:27,710 | DEBUG    |   git add OK: Content\All_In_One\Models\Unreal_01\Assets\Materials\Branches_diff.uasset
2026-06-03 13:40:27,740 | DEBUG    |   git add OK: Content\All_In_One\Models\Unreal_01\Assets\Materials\Chair_Evie_Velvet_BaseColor.uasset
2026-06-03 13:40:27,776 | DEBUG    |   git add OK: Content\All_In_One\Models\Unreal_01\Assets\Materials\Chair_Evie_Velvet_Normal.uasset
2026-06-03 13:40:27,777 | INFO     |   💾  Committing chunk #15…
2026-06-03 13:40:27,817 | WARNING  |   ⚠  Nothing new to commit – files already committed, treating as done.
2026-06-03 13:40:27,858 | INFO     |   🚀  Pushing to remote…
2026-06-03 13:40:33,890 | DEBUG    |   git push stdout: 
2026-06-03 13:40:33,894 | INFO     | Chunk #15 completed successfully (15/589)
2026-06-03 13:40:33,894 | INFO     | Processing Chunk #16 (42 files, 22.3 MB)
2026-06-03 13:40:33,896 | INFO     |   ➕  Staging 42 file(s)…
2026-06-03 13:40:33,951 | DEBUG    |   git add OK: Content\All_In_One\Models\Unreal_01\Assets\Materials\Chair_Evie_Velvet_OcclusionRoughnessMetallic.uasset
2026-06-03 13:40:33,984 | DEBUG    |   git add OK: Content\All_In_One\Models\Unreal_01\Assets\Materials\DiningChair_BaseColor.uasset
2026-06-03 13:40:34,020 | DEBUG    |   git add OK: Content\All_In_One\Models\Unreal_01\Assets\Materials\DiningChair_Normal.uasset
2026-06-03 13:40:34,055 | DEBUG    |   git add OK: Content\All_In_One\Models\Unreal_01\Assets\Materials\DiningChair_OcclusionRoughnessMetallic.uasset
2026-06-03 13:40:34,091 | DEBUG    |   git add OK: Content\All_In_One\Models\Unreal_01\Assets\Materials\Dining_Table_BaseColor.uasset
2026-06-03 13:40:34,130 | DEBUG    |   git add OK: Content\All_In_One\Models\Unreal_01\Assets\Materials\Dining_Table_Normal.uasset
2026-06-03 13:40:34,165 | DEBUG    |   git add OK: Content\All_In_One\Models\Unreal_01\Assets\Materials\Dining_Table_OcclusionRoughnessMetallic.uasset
2026-06-03 13:40:34,202 | DEBUG    |   git add OK: Content\All_In_One\Models\Unreal_01\Assets\Materials\ExerciseBike_BaseColor.uasset
2026-06-03 13:40:34,239 | DEBUG    |   git add OK: Content\All_In_One\Models\Unreal_01\Assets\Materials\ExerciseBike_Normal.uasset
2026-06-03 13:40:34,279 | DEBUG    |   git add OK: Content\All_In_One\Models\Unreal_01\Assets\Materials\ExerciseBike_OcclusionRoughnessMetallic.uasset
2026-06-03 13:40:34,316 | DEBUG    |   git add OK: Content\All_In_One\Models\Unreal_01\Assets\Materials\Labels_Cables_BaseColor.uasset
2026-06-03 13:40:34,357 | DEBUG    |   git add OK: Content\All_In_One\Models\Unreal_01\Assets\Materials\Labels_Cables_Normal.uasset
2026-06-03 13:40:34,392 | DEBUG    |   git add OK: Content\All_In_One\Models\Unreal_01\Assets\Materials\Labels_Cables_OcclusionRoughnessMetallic.uasset
2026-06-03 13:40:34,431 | DEBUG    |   git add OK: Content\All_In_One\Models\Unreal_01\Assets\Materials\MI_01Chair.uasset
2026-06-03 13:40:34,467 | DEBUG    |   git add OK: Content\All_In_One\Models\Unreal_01\Assets\Materials\MI_01Table.uasset
2026-06-03 13:40:34,505 | DEBUG    |   git add OK: Content\All_In_One\Models\Unreal_01\Assets\Materials\MI_02Chair.uasset
2026-06-03 13:40:34,544 | DEBUG    |   git add OK: Content\All_In_One\Models\Unreal_01\Assets\Materials\MI_BookSet_01.uasset
2026-06-03 13:40:34,581 | DEBUG    |   git add OK: Content\All_In_One\Models\Unreal_01\Assets\Materials\MI_BookSet_02.uasset
2026-06-03 13:40:34,616 | DEBUG    |   git add OK: Content\All_In_One\Models\Unreal_01\Assets\Materials\MI_BookSet_03.uasset
2026-06-03 13:40:34,653 | DEBUG    |   git add OK: Content\All_In_One\Models\Unreal_01\Assets\Materials\MI_BookSet_04.uasset
2026-06-03 13:40:34,704 | DEBUG    |   git add OK: Content\All_In_One\Models\Unreal_01\Assets\Materials\MI_Chair_Evie_Velvet.uasset
2026-06-03 13:40:34,755 | DEBUG    |   git add OK: Content\All_In_One\Models\Unreal_01\Assets\Materials\MI_Exercise_bike.uasset
2026-06-03 13:40:34,790 | DEBUG    |   git add OK: Content\All_In_One\Models\Unreal_01\Assets\Materials\MI_LabelsCables.uasset
2026-06-03 13:40:34,826 | DEBUG    |   git add OK: Content\All_In_One\Models\Unreal_01\Assets\Materials\MI_Modules.uasset
2026-06-03 13:40:34,855 | DEBUG    |   git add OK: Content\All_In_One\Models\Unreal_01\Assets\Materials\MI_Nuts.uasset
2026-06-03 13:40:34,886 | DEBUG    |   git add OK: Content\All_In_One\Models\Unreal_01\Assets\Materials\MI_OfficeChair.uasset
2026-06-03 13:40:34,919 | DEBUG    |   git add OK: Content\All_In_One\Models\Unreal_01\Assets\Materials\MI_PoolTable.uasset
2026-06-03 13:40:34,953 | DEBUG    |   git add OK: Content\All_In_One\Models\Unreal_01\Assets\Materials\MI_Roller.uasset
2026-06-03 13:40:34,982 | DEBUG    |   git add OK: Content\All_In_One\Models\Unreal_01\Assets\Materials\MI_Rubber_Black.uasset
2026-06-03 13:40:35,015 | DEBUG    |   git add OK: Content\All_In_One\Models\Unreal_01\Assets\Materials\MI_Rug.uasset
2026-06-03 13:40:35,051 | DEBUG    |   git add OK: Content\All_In_One\Models\Unreal_01\Assets\Materials\MI_SingleBook.uasset
2026-06-03 13:40:35,085 | DEBUG    |   git add OK: Content\All_In_One\Models\Unreal_01\Assets\Materials\MI_SofaTable.uasset
2026-06-03 13:40:35,120 | DEBUG    |   git add OK: Content\All_In_One\Models\Unreal_01\Assets\Materials\MI_Sofa_Lobby.uasset
2026-06-03 13:40:35,154 | DEBUG    |   git add OK: Content\All_In_One\Models\Unreal_01\Assets\Materials\MI_StepPlatform.uasset
2026-06-03 13:40:35,195 | DEBUG    |   git add OK: Content\All_In_One\Models\Unreal_01\Assets\Materials\MI_TV.uasset
2026-06-03 13:40:35,230 | DEBUG    |   git add OK: Content\All_In_One\Models\Unreal_01\Assets\Materials\MI_Table_Balzac_Coffee.uasset
2026-06-03 13:40:35,261 | DEBUG    |   git add OK: Content\All_In_One\Models\Unreal_01\Assets\Materials\MI_TherapyBall.uasset
2026-06-03 13:40:35,297 | DEBUG    |   git add OK: Content\All_In_One\Models\Unreal_01\Assets\Materials\MI_Vase.uasset
2026-06-03 13:40:35,334 | DEBUG    |   git add OK: Content\All_In_One\Models\Unreal_01\Assets\Materials\MI_VaseBranches.uasset
2026-06-03 13:40:35,370 | DEBUG    |   git add OK: Content\All_In_One\Models\Unreal_01\Assets\Materials\MI_Weight.uasset
2026-06-03 13:40:35,409 | DEBUG    |   git add OK: Content\All_In_One\Models\Unreal_01\Assets\Materials\MI_YogaBall.uasset
2026-06-03 13:40:35,442 | DEBUG    |   git add OK: Content\All_In_One\Models\Unreal_01\Assets\Materials\Modules_BaseColor.uasset
2026-06-03 13:40:35,443 | INFO     |   💾  Committing chunk #16…
2026-06-03 13:40:35,492 | WARNING  |   ⚠  Nothing new to commit – files already committed, treating as done.
2026-06-03 13:40:35,493 | INFO     |   🚀  Pushing to remote…
2026-06-03 13:40:41,371 | DEBUG    |   git push stdout: 
2026-06-03 13:40:41,371 | DEBUG    | Loaded 1 pushed chunks from history: processed_chunks_history.json
2026-06-03 13:40:41,376 | INFO     | Chunk #16 completed successfully (16/589)
2026-06-03 13:40:41,376 | INFO     | Processing Chunk #17 (5 files, 24.58 MB)
2026-06-03 13:40:41,378 | INFO     |   ➕  Staging 5 file(s)…
2026-06-03 13:40:41,418 | DEBUG    |   git add OK: Content\All_In_One\Models\Unreal_01\Assets\Materials\Modules_Normal.uasset
2026-06-03 13:40:41,448 | DEBUG    |   git add OK: Content\All_In_One\Models\Unreal_01\Assets\Materials\Modules_OcclusionRoughnessMetallic.uasset
2026-06-03 13:40:41,509 | DEBUG    |   git add OK: Content\All_In_One\Models\Unreal_01\Assets\Materials\Nuts_BaseColor.uasset
2026-06-03 13:40:41,542 | DEBUG    |   git add OK: Content\All_In_One\Models\Unreal_01\Assets\Materials\Nuts_Normal.uasset
2026-06-03 13:40:41,576 | DEBUG    |   git add OK: Content\All_In_One\Models\Unreal_01\Assets\Materials\Nuts_OcclusionRoughnessMetallic.uasset
2026-06-03 13:40:41,576 | INFO     |   💾  Committing chunk #17…
2026-06-03 13:40:41,623 | WARNING  |   ⚠  Nothing new to commit – files already committed, treating as done.
2026-06-03 13:40:41,623 | INFO     |   🚀  Pushing to remote…
2026-06-03 13:40:47,490 | DEBUG    |   git push stdout: 
2026-06-03 13:40:47,491 | DEBUG    | Loaded 2 pushed chunks from history: processed_chunks_history.json
2026-06-03 13:40:47,496 | INFO     | Chunk #17 completed successfully (17/589)
2026-06-03 13:40:47,496 | INFO     | Processing Chunk #18 (25 files, 24.55 MB)
2026-06-03 13:40:47,500 | INFO     |   ➕  Staging 25 file(s)…
2026-06-03 13:40:47,542 | DEBUG    |   git add OK: Content\All_In_One\Models\Unreal_01\Assets\Materials\OfficeChair_BaseColor.uasset
2026-06-03 13:40:47,582 | DEBUG    |   git add OK: Content\All_In_One\Models\Unreal_01\Assets\Materials\OfficeChair_Normal.uasset
2026-06-03 13:40:47,614 | DEBUG    |   git add OK: Content\All_In_One\Models\Unreal_01\Assets\Materials\OfficeChair_OcclusionRoughnessMetallic.uasset
2026-06-03 13:40:47,646 | DEBUG    |   git add OK: Content\All_In_One\Models\Unreal_01\Assets\Materials\PoolTable_01_BaseColor.uasset
2026-06-03 13:40:47,679 | DEBUG    |   git add OK: Content\All_In_One\Models\Unreal_01\Assets\Materials\PoolTable_01_Emissive.uasset
2026-06-03 13:40:47,710 | DEBUG    |   git add OK: Content\All_In_One\Models\Unreal_01\Assets\Materials\PoolTable_01_Normal.uasset
2026-06-03 13:40:47,753 | DEBUG    |   git add OK: Content\All_In_One\Models\Unreal_01\Assets\Materials\PoolTable_01_OcclusionRoughnessMetallic.uasset
2026-06-03 13:40:47,790 | DEBUG    |   git add OK: Content\All_In_One\Models\Unreal_01\Assets\Materials\Roller_BaseColor.uasset
2026-06-03 13:40:47,822 | DEBUG    |   git add OK: Content\All_In_One\Models\Unreal_01\Assets\Materials\Roller_Normal.uasset
2026-06-03 13:40:47,857 | DEBUG    |   git add OK: Content\All_In_One\Models\Unreal_01\Assets\Materials\Roller_OcclusionRoughnessMetallic.uasset
2026-06-03 13:40:47,888 | DEBUG    |   git add OK: Content\All_In_One\Models\Unreal_01\Assets\Materials\Rubber_Black_BaseColor.uasset
2026-06-03 13:40:47,923 | DEBUG    |   git add OK: Content\All_In_One\Models\Unreal_01\Assets\Materials\Rubber_Black_Normal.uasset
2026-06-03 13:40:47,962 | DEBUG    |   git add OK: Content\All_In_One\Models\Unreal_01\Assets\Materials\Rubber_Black_OcclusionRoughnessMetallic.uasset
2026-06-03 13:40:47,999 | DEBUG    |   git add OK: Content\All_In_One\Models\Unreal_01\Assets\Materials\Rug_BaseColor.uasset
2026-06-03 13:40:48,036 | DEBUG    |   git add OK: Content\All_In_One\Models\Unreal_01\Assets\Materials\Rug_Normal.uasset
2026-06-03 13:40:48,078 | DEBUG    |   git add OK: Content\All_In_One\Models\Unreal_01\Assets\Materials\Rug_OcclusionRoughnessMetallic.uasset
2026-06-03 13:40:48,120 | DEBUG    |   git add OK: Content\All_In_One\Models\Unreal_01\Assets\Materials\Sing_Books03_AlbedoTransparency.uasset
2026-06-03 13:40:48,154 | DEBUG    |   git add OK: Content\All_In_One\Models\Unreal_01\Assets\Materials\Sing_Books_Normal.uasset
2026-06-03 13:40:48,196 | DEBUG    |   git add OK: Content\All_In_One\Models\Unreal_01\Assets\Materials\SofaTable_BaseColor.uasset
2026-06-03 13:40:48,235 | DEBUG    |   git add OK: Content\All_In_One\Models\Unreal_01\Assets\Materials\SofaTable_Normal.uasset
2026-06-03 13:40:48,274 | DEBUG    |   git add OK: Content\All_In_One\Models\Unreal_01\Assets\Materials\SofaTable_OcclusionRoughnessMetallic.uasset
2026-06-03 13:40:48,361 | DEBUG    |   git add OK: Content\All_In_One\Models\Unreal_01\Assets\Materials\Sofa_BaseColor.uasset
2026-06-03 13:40:48,398 | DEBUG    |   git add OK: Content\All_In_One\Models\Unreal_01\Assets\Materials\Sofa_Normal.uasset
2026-06-03 13:40:48,433 | DEBUG    |   git add OK: Content\All_In_One\Models\Unreal_01\Assets\Materials\Sofa_OcclusionRoughnessMetallic.uasset
2026-06-03 13:40:48,466 | DEBUG    |   git add OK: Content\All_In_One\Models\Unreal_01\Assets\Materials\StepPlatform_BaseColor.uasset
2026-06-03 13:40:48,466 | INFO     |   💾  Committing chunk #18…
2026-06-03 13:40:48,513 | WARNING  |   ⚠  Nothing new to commit – files already committed, treating as done.
2026-06-03 13:40:48,514 | INFO     |   🚀  Pushing to remote…
2026-06-03 13:40:54,768 | DEBUG    |   git push stdout: 
2026-06-03 13:40:54,768 | DEBUG    | Loaded 3 pushed chunks from history: processed_chunks_history.json
2026-06-03 13:40:54,772 | INFO     | Chunk #18 completed successfully (18/589)
2026-06-03 13:40:54,772 | INFO     | Processing Chunk #19 (17 files, 24.54 MB)
2026-06-03 13:40:54,774 | INFO     |   ➕  Staging 17 file(s)…
2026-06-03 13:40:54,808 | DEBUG    |   git add OK: Content\All_In_One\Models\Unreal_01\Assets\Materials\StepPlatform_Normal.uasset
2026-06-03 13:40:54,851 | DEBUG    |   git add OK: Content\All_In_One\Models\Unreal_01\Assets\Materials\StepPlatform_OcclusionRoughnessMetallic.uasset
2026-06-03 13:40:54,888 | DEBUG    |   git add OK: Content\All_In_One\Models\Unreal_01\Assets\Materials\Table_Balzac_Coffee_BaseColor.uasset
2026-06-03 13:40:54,921 | DEBUG    |   git add OK: Content\All_In_One\Models\Unreal_01\Assets\Materials\Table_Balzac_Coffee_Normal.uasset
2026-06-03 13:40:54,983 | DEBUG    |   git add OK: Content\All_In_One\Models\Unreal_01\Assets\Materials\Table_Balzac_Coffee_OcclusionRoughnessMetallic.uasset
2026-06-03 13:40:55,049 | DEBUG    |   git add OK: Content\All_In_One\Models\Unreal_01\Assets\Materials\TherapyBall_BaseColor.uasset
2026-06-03 13:40:55,103 | DEBUG    |   git add OK: Content\All_In_One\Models\Unreal_01\Assets\Materials\TherapyBall_Normal.uasset
2026-06-03 13:40:55,160 | DEBUG    |   git add OK: Content\All_In_One\Models\Unreal_01\Assets\Materials\TherapyBall_OcclusionRoughnessMetallic.uasset
2026-06-03 13:40:55,196 | DEBUG    |   git add OK: Content\All_In_One\Models\Unreal_01\Assets\Materials\Tv_AlbedoTransparency.uasset
2026-06-03 13:40:55,231 | DEBUG    |   git add OK: Content\All_In_One\Models\Unreal_01\Assets\Materials\Tv_Normal.uasset
2026-06-03 13:40:55,264 | DEBUG    |   git add OK: Content\All_In_One\Models\Unreal_01\Assets\Materials\Vase1_AlbedoTransparency.uasset
2026-06-03 13:40:55,295 | DEBUG    |   git add OK: Content\All_In_One\Models\Unreal_01\Assets\Materials\Vase1_Normal.uasset
2026-06-03 13:40:55,326 | DEBUG    |   git add OK: Content\All_In_One\Models\Unreal_01\Assets\Materials\Weights_BaseColor.uasset
2026-06-03 13:40:55,358 | DEBUG    |   git add OK: Content\All_In_One\Models\Unreal_01\Assets\Materials\Weights_Normal.uasset
2026-06-03 13:40:55,391 | DEBUG    |   git add OK: Content\All_In_One\Models\Unreal_01\Assets\Materials\Weights_OcclusionRoughnessMetallic.uasset
2026-06-03 13:40:55,423 | DEBUG    |   git add OK: Content\All_In_One\Models\Unreal_01\Assets\Materials\Yoga_Ball_BaseColor.uasset
2026-06-03 13:40:55,456 | DEBUG    |   git add OK: Content\All_In_One\Models\Unreal_01\Assets\Materials\Yoga_Ball_Normal.uasset
2026-06-03 13:40:55,456 | INFO     |   💾  Committing chunk #19…
2026-06-03 13:40:55,497 | WARNING  |   ⚠  Nothing new to commit – files already committed, treating as done.
2026-06-03 13:40:55,498 | INFO     |   🚀  Pushing to remote…
2026-06-03 13:40:58,759 | WARNING  |   ⚠  Interrupt received – finishing current operation then stopping…
2026-06-03 13:40:59,278 | WARNING  |   ⚠  Interrupt received – finishing current operation then stopping…
2026-06-03 13:41:00,572 | WARNING  |   ⚠  Interrupt received – finishing current operation then stopping…
2026-06-03 13:41:00,743 | WARNING  |   ⚠  Interrupt received – finishing current operation then stopping…
2026-06-03 13:41:00,842 | ERROR    |   ✖  git push failed: Command '['git', 'push']' returned non-zero exit status 130.
2026-06-03 13:41:00,842 | ERROR    |   ✖  Chunk #19 – push FAILED. Will retry on next run.
2026-06-03 13:41:00,842 | WARNING  |   ⚠  Shutdown requested – stopping before next chunk.
