2025-04-09 12:32:20,469 - INFO - Logging system initialized
2025-04-09 12:32:28,581 - INFO - Parsing log file: D:\PythonScripts\Chunky\git_chunks.log
2025-04-09 12:32:28,669 - INFO - Found 871 chunks to process
2025-04-09 12:32:28,669 - INFO - Starting to process 871 chunks...
2025-04-09 12:32:28,670 - INFO - 
Processing Chunk #1 (2 files, 12.19MB)
2025-04-09 12:32:28,741 - INFO - Added to staging: Polker-Desktop-Dedicated\Polker\Content\Audio\BackgroundMusic\New\Asian_Map_3_Extended.uasset
2025-04-09 12:32:28,817 - INFO - Added to staging: Polker-Desktop-Dedicated\Polker\Content\Audio\BackgroundMusic\New\Asian_Map_3_Extended_Cue.uasset
2025-04-09 12:32:29,103 - ERROR - Failed to commit chunk #1: Command '['git', 'commit', '-m', 'Chunk #1 - 2 files pushed successfully']' returned non-zero exit status 1.
2025-04-09 12:32:29,163 - ERROR - Skipping Chunk #1 due to commit failure
2025-04-09 12:32:29,163 - INFO - 
Processing Chunk #2 (2 files, 14.16MB)
2025-04-09 12:32:29,260 - INFO - Added to staging: Polker-Desktop-Dedicated\Polker\Content\Audio\BackgroundMusic\New\City_Background_Extended.uasset
2025-04-09 12:32:29,347 - INFO - Added to staging: Polker-Desktop-Dedicated\Polker\Content\Audio\BackgroundMusic\New\City_Background_Extended_Cue.uasset
2025-04-09 12:32:29,655 - ERROR - Failed to commit chunk #2: Command '['git', 'commit', '-m', 'Chunk #2 - 2 files pushed successfully']' returned non-zero exit status 1.
2025-04-09 12:32:29,656 - ERROR - Skipping Chunk #2 due to commit failure
2025-04-09 12:32:29,656 - INFO - 
Processing Chunk #3 (2 files, 14.22MB)
2025-04-09 12:32:29,733 - INFO - Added to staging: Polker-Desktop-Dedicated\Polker\Content\Audio\BackgroundMusic\New\Map_4_Extended.uasset
2025-04-09 12:32:29,801 - INFO - Added to staging: Polker-Desktop-Dedicated\Polker\Content\Audio\BackgroundMusic\New\Map_4_Extended_Cue.uasset
2025-04-09 12:32:30,141 - ERROR - Failed to commit chunk #3: Command '['git', 'commit', '-m', 'Chunk #3 - 2 files pushed successfully']' returned non-zero exit status 1.
2025-04-09 12:32:30,142 - ERROR - Skipping Chunk #3 due to commit failure
2025-04-09 12:32:30,142 - INFO - 
Processing Chunk #4 (2 files, 13.35MB)
2025-04-09 12:32:30,256 - INFO - Added to staging: Polker-Desktop-Dedicated\Polker\Content\Audio\BackgroundMusic\New\Map_6_Background_Extended.uasset
2025-04-09 12:32:30,339 - INFO - Added to staging: Polker-Desktop-Dedicated\Polker\Content\Audio\BackgroundMusic\New\Map_6_Background_Extended_Cue.uasset
2025-04-09 12:32:30,678 - ERROR - Failed to commit chunk #4: Command '['git', 'commit', '-m', 'Chunk #4 - 2 files pushed successfully']' returned non-zero exit status 1.
2025-04-09 12:32:30,708 - ERROR - Skipping Chunk #4 due to commit failure
2025-04-09 12:32:30,710 - INFO - 
Processing Chunk #5 (2 files, 13.0MB)
2025-04-09 12:32:30,803 - INFO - Added to staging: Polker-Desktop-Dedicated\Polker\Content\Audio\BackgroundMusic\New\Medieval_Map_7_Extended.uasset
2025-04-09 12:32:30,885 - INFO - Added to staging: Polker-Desktop-Dedicated\Polker\Content\Audio\BackgroundMusic\New\Medieval_Map_7_Extended_Cue.uasset
2025-04-09 12:32:31,212 - ERROR - Failed to commit chunk #5: Command '['git', 'commit', '-m', 'Chunk #5 - 2 files pushed successfully']' returned non-zero exit status 1.
2025-04-09 12:32:31,213 - ERROR - Skipping Chunk #5 due to commit failure
2025-04-09 12:32:31,213 - INFO - 
Processing Chunk #6 (1 files, 25.0MB)
2025-04-09 12:32:31,337 - INFO - Added to staging: Polker-Desktop-Dedicated\Polker\Content\Audio\BackgroundMusic\PKRPass_Music\Bronze_PKR_Pass_Music-_trendsetter-mood-maze-main-version-02-53-1004_part000.uasset
2025-04-09 12:32:31,640 - ERROR - Failed to commit chunk #6: Command '['git', 'commit', '-m', 'Chunk #6 - 1 files pushed successfully']' returned non-zero exit status 1.
2025-04-09 12:32:31,641 - ERROR - Skipping Chunk #6 due to commit failure
2025-04-09 12:32:31,642 - INFO - 
Processing Chunk #7 (2 files, 20.51MB)
2025-04-09 12:32:31,724 - INFO - Added to staging: Polker-Desktop-Dedicated\Polker\Content\Audio\BackgroundMusic\PKRPass_Music\Bronze_PKR_Pass_Music-_trendsetter-mood-maze-main-version-02-53-1004_part001.uasset
2025-04-09 12:32:31,799 - INFO - Added to staging: Polker-Desktop-Dedicated\Polker\Content\Audio\BackgroundMusic\PKRPass_Music\Diamond_PKR_Pass-_miracle-qube-main-version-01-44-13858.uasset
2025-04-09 12:32:32,106 - ERROR - Failed to commit chunk #7: Command '['git', 'commit', '-m', 'Chunk #7 - 2 files pushed successfully']' returned non-zero exit status 1.
2025-04-09 12:32:32,108 - ERROR - Skipping Chunk #7 due to commit failure
2025-04-09 12:32:32,109 - INFO - 
Processing Chunk #8 (1 files, 18.55MB)
2025-04-09 12:32:32,221 - INFO - Added to staging: Polker-Desktop-Dedicated\Polker\Content\Audio\BackgroundMusic\PKRPass_Music\Gold_PKR_Pass-_keep-walkin-matrika-main-version-28466-01-51.uasset
2025-04-09 12:32:32,558 - ERROR - Failed to commit chunk #8: Command '['git', 'commit', '-m', 'Chunk #8 - 1 files pushed successfully']' returned non-zero exit status 1.
2025-04-09 12:32:32,559 - ERROR - Skipping Chunk #8 due to commit failure
2025-04-09 12:32:32,560 - INFO - 
Processing Chunk #9 (1 files, 25.0MB)
2025-04-09 12:32:32,652 - INFO - Added to staging: Polker-Desktop-Dedicated\Polker\Content\Audio\BackgroundMusic\PKRPass_Music\Platinum_PKR_Pass-_transcend-soundroll-main-version-1756-02-38_part000.uasset
2025-04-09 12:32:32,969 - ERROR - Failed to commit chunk #9: Command '['git', 'commit', '-m', 'Chunk #9 - 1 files pushed successfully']' returned non-zero exit status 1.
2025-04-09 12:32:32,970 - ERROR - Skipping Chunk #9 due to commit failure
2025-04-09 12:32:32,970 - INFO - 
Processing Chunk #10 (2 files, 18.18MB)
2025-04-09 12:32:33,064 - INFO - Added to staging: Polker-Desktop-Dedicated\Polker\Content\Audio\BackgroundMusic\PKRPass_Music\Platinum_PKR_Pass-_transcend-soundroll-main-version-1756-02-38_part001.uasset
2025-04-09 12:32:33,142 - INFO - Added to staging: Polker-Desktop-Dedicated\Polker\Content\Audio\BackgroundMusic\PKRPass_Music\Silver_PKR_Pass_Music-_runway-bosnow-main-version-37245-01-50.uasset
2025-04-09 12:32:33,413 - ERROR - Failed to commit chunk #10: Command '['git', 'commit', '-m', 'Chunk #10 - 2 files pushed successfully']' returned non-zero exit status 1.
2025-04-09 12:32:33,429 - ERROR - Skipping Chunk #10 due to commit failure
2025-04-09 12:32:33,431 - INFO - 
Processing Chunk #11 (1 files, 25.0MB)
2025-04-09 12:32:33,540 - INFO - Added to staging: Polker-Desktop-Dedicated\Polker\Content\Audio\BackgroundMusic\S_Beach_Days_-_Brett_Gregory_part000.uasset
2025-04-09 12:32:33,845 - ERROR - Failed to commit chunk #11: Command '['git', 'commit', '-m', 'Chunk #11 - 1 files pushed successfully']' returned non-zero exit status 1.
2025-04-09 12:32:33,846 - ERROR - Skipping Chunk #11 due to commit failure
2025-04-09 12:32:33,846 - INFO - 
Processing Chunk #12 (1 files, 4.09MB)
2025-04-09 12:32:34,168 - INFO - Added to staging: Polker-Desktop-Dedicated\Polker\Content\Audio\BackgroundMusic\S_Beach_Days_-_Brett_Gregory_part001.uasset
2025-04-09 12:32:34,377 - INFO - Committed chunk #12 with message: 'Chunk #12 - 1 files pushed successfully'
2025-04-09 12:32:50,914 - INFO - Pushed changes to remote repository
2025-04-09 12:32:50,916 - INFO - Successfully processed Chunk #12
2025-04-09 12:32:50,917 - INFO - 
Processing Chunk #13 (1 files, 25.0MB)
2025-04-09 12:32:52,943 - INFO - Added to staging: Polker-Desktop-Dedicated\Polker\Content\Audio\BackgroundMusic\S_CoconutCove_part000.uasset
2025-04-09 12:32:53,457 - INFO - Committed chunk #13 with message: 'Chunk #13 - 1 files pushed successfully'
2025-04-09 12:33:06,561 - INFO - Pushed changes to remote repository
2025-04-09 12:33:06,563 - INFO - Successfully processed Chunk #13
2025-04-09 12:33:06,564 - INFO - 
Processing Chunk #14 (1 files, 6.68MB)
2025-04-09 12:33:07,200 - INFO - Added to staging: Polker-Desktop-Dedicated\Polker\Content\Audio\BackgroundMusic\S_CoconutCove_part001.uasset
2025-04-09 12:33:07,443 - INFO - Committed chunk #14 with message: 'Chunk #14 - 1 files pushed successfully'
2025-04-09 12:33:16,177 - INFO - Pushed changes to remote repository
2025-04-09 12:33:16,180 - INFO - Successfully processed Chunk #14
2025-04-09 12:33:16,180 - INFO - 
Processing Chunk #15 (1 files, 25.0MB)
2025-04-09 12:33:18,802 - INFO - Added to staging: Polker-Desktop-Dedicated\Polker\Content\Audio\BackgroundMusic\S_Devil_s_Disgrace_part000.uasset
2025-04-09 12:33:19,462 - INFO - Committed chunk #15 with message: 'Chunk #15 - 1 files pushed successfully'
2025-04-09 12:33:31,819 - INFO - Pushed changes to remote repository
2025-04-09 12:33:31,832 - INFO - Successfully processed Chunk #15
2025-04-09 12:33:31,832 - INFO - 
Processing Chunk #16 (2 files, 24.41MB)
2025-04-09 12:33:32,075 - INFO - Added to staging: Polker-Desktop-Dedicated\Polker\Content\Audio\BackgroundMusic\S_Devil_s_Disgrace_part001.uasset
2025-04-09 12:33:34,215 - INFO - Added to staging: Polker-Desktop-Dedicated\Polker\Content\Audio\BackgroundMusic\S_Distant_Pyramids_-_Sight_of_Wonders.uasset
2025-04-09 12:33:34,761 - INFO - Committed chunk #16 with message: 'Chunk #16 - 2 files pushed successfully'
2025-04-09 12:33:46,281 - INFO - Pushed changes to remote repository
2025-04-09 12:33:46,282 - INFO - Successfully processed Chunk #16
2025-04-09 12:33:46,282 - INFO - 
Processing Chunk #17 (1 files, 25.0MB)
2025-04-09 12:33:47,491 - INFO - Added to staging: Polker-Desktop-Dedicated\Polker\Content\Audio\BackgroundMusic\S_Dreaming_of_Lhotse_-_Ooyy_part000.uasset
2025-04-09 12:33:47,864 - INFO - Committed chunk #17 with message: 'Chunk #17 - 1 files pushed successfully'
2025-04-09 12:34:00,131 - INFO - Pushed changes to remote repository
2025-04-09 12:34:00,146 - INFO - Successfully processed Chunk #17
2025-04-09 12:34:00,146 - INFO - 
Processing Chunk #18 (1 files, 7.01MB)
2025-04-09 12:34:00,617 - INFO - Added to staging: Polker-Desktop-Dedicated\Polker\Content\Audio\BackgroundMusic\S_Dreaming_of_Lhotse_-_Ooyy_part001.uasset
2025-04-09 12:34:00,851 - INFO - Committed chunk #18 with message: 'Chunk #18 - 1 files pushed successfully'
2025-04-09 12:34:09,200 - INFO - Pushed changes to remote repository
2025-04-09 12:34:09,224 - INFO - Successfully processed Chunk #18
2025-04-09 12:34:09,225 - INFO - 
Processing Chunk #19 (1 files, 25.0MB)
2025-04-09 12:34:11,330 - INFO - Added to staging: Polker-Desktop-Dedicated\Polker\Content\Audio\BackgroundMusic\S_El_Khalil_-_Rymdklang_Soundtracks_part000.uasset
2025-04-09 12:34:12,006 - INFO - Committed chunk #19 with message: 'Chunk #19 - 1 files pushed successfully'
2025-04-09 12:34:25,131 - INFO - Pushed changes to remote repository
2025-04-09 12:34:25,173 - INFO - Successfully processed Chunk #19
2025-04-09 12:34:25,174 - INFO - 
Processing Chunk #20 (1 files, 5.99MB)
2025-04-09 12:34:25,787 - INFO - Added to staging: Polker-Desktop-Dedicated\Polker\Content\Audio\BackgroundMusic\S_El_Khalil_-_Rymdklang_Soundtracks_part001.uasset
2025-04-09 12:34:26,145 - INFO - Committed chunk #20 with message: 'Chunk #20 - 1 files pushed successfully'
2025-04-09 12:34:34,881 - INFO - Pushed changes to remote repository
2025-04-09 12:34:34,934 - INFO - Successfully processed Chunk #20
2025-04-09 12:34:34,934 - INFO - 
Processing Chunk #21 (1 files, 23.55MB)
2025-04-09 12:34:37,100 - INFO - Added to staging: Polker-Desktop-Dedicated\Polker\Content\Audio\BackgroundMusic\S_LususNaturae.uasset
2025-04-09 12:34:37,611 - INFO - Committed chunk #21 with message: 'Chunk #21 - 1 files pushed successfully'
2025-04-09 12:34:49,818 - INFO - Pushed changes to remote repository
2025-04-09 12:34:49,840 - INFO - Successfully processed Chunk #21
2025-04-09 12:34:49,841 - INFO - 
Processing Chunk #22 (1 files, 22.51MB)
2025-04-09 12:34:52,803 - INFO - Added to staging: Polker-Desktop-Dedicated\Polker\Content\Audio\BackgroundMusic\S_ParksOfKyoto.uasset
2025-04-09 12:34:53,593 - INFO - Committed chunk #22 with message: 'Chunk #22 - 1 files pushed successfully'
2025-04-09 12:35:07,082 - INFO - Pushed changes to remote repository
2025-04-09 12:35:07,124 - INFO - Successfully processed Chunk #22
2025-04-09 12:35:07,125 - INFO - 
Processing Chunk #23 (1 files, 22.51MB)
2025-04-09 12:35:10,692 - INFO - Added to staging: Polker-Desktop-Dedicated\Polker\Content\Audio\BackgroundMusic\S_Parks_of_Kyoto_-_Sight_of_Wonders.uasset
2025-04-09 12:35:11,641 - INFO - Committed chunk #23 with message: 'Chunk #23 - 1 files pushed successfully'
2025-04-09 12:35:26,124 - INFO - Pushed changes to remote repository
2025-04-09 12:35:26,125 - INFO - Successfully processed Chunk #23
2025-04-09 12:35:26,126 - INFO - 
Processing Chunk #24 (1 files, 25.0MB)
2025-04-09 12:35:27,540 - INFO - Added to staging: Polker-Desktop-Dedicated\Polker\Content\Audio\BackgroundMusic\S_Pebble_Beach_-_Peace_Reels_part000.uasset
2025-04-09 12:35:27,981 - INFO - Committed chunk #24 with message: 'Chunk #24 - 1 files pushed successfully'
