2026-06-03 12:41:42,424 - INFO - ====================================================================================================
2026-06-03 12:41:42,425 - INFO - Logging system initialized
2026-06-03 12:41:42,425 - INFO - ====================================================================================================
2026-06-03 12:41:55,755 - INFO - 
Parsing log file: D:\UE World\2Towers\2Towers_Archviz_UE_Project\git_chunks.log
2026-06-03 12:41:55,761 - INFO - Found 589 chunks to process
2026-06-03 12:41:55,761 - INFO - Starting to process 589 chunks...
2026-06-03 12:41:55,762 - INFO -   - New chunks: 589
2026-06-03 12:41:55,763 - INFO -   - Failed chunks to retry: 0
2026-06-03 12:41:55,823 - INFO - 
====================================================================================================
2026-06-03 12:41:55,823 - INFO - PHASE 1: Processing new chunks (no verification needed)
2026-06-03 12:41:55,825 - INFO - ====================================================================================================
2026-06-03 12:41:55,827 - INFO - ----------------------------------------------------------------------------------------------------
2026-06-03 12:41:55,829 - INFO - [1/589] Chunk #1 (9 files, 24.62MB)
2026-06-03 12:41:55,830 - INFO - ----------------------------------------------------------------------------------------------------
2026-06-03 12:41:56,165 - INFO -   Added: 9/9 files to staging
2026-06-03 12:41:56,206 - ERROR -   Commit failed: 
2026-06-03 12:41:56,208 - WARNING - Chunk #1 marked as failed: git commit failed
2026-06-03 12:41:56,208 - ERROR - FAILED: Chunk #1 - git commit operation failed
2026-06-03 12:41:56,208 - INFO - ----------------------------------------------------------------------------------------------------
2026-06-03 12:41:56,208 - INFO - [2/589] Chunk #2 (1 files, 12.55MB)
2026-06-03 12:41:56,208 - INFO - ----------------------------------------------------------------------------------------------------
2026-06-03 12:41:56,239 - INFO -   Added: 1/1 files to staging
2026-06-03 12:41:56,281 - ERROR -   Commit failed: 
2026-06-03 12:41:56,282 - WARNING - Chunk #2 marked as failed: git commit failed
2026-06-03 12:41:56,282 - ERROR - FAILED: Chunk #2 - git commit operation failed
2026-06-03 12:41:56,283 - INFO - ----------------------------------------------------------------------------------------------------
2026-06-03 12:41:56,283 - INFO - [3/589] Chunk #3 (1 files, 12.71MB)
2026-06-03 12:41:56,283 - INFO - ----------------------------------------------------------------------------------------------------
2026-06-03 12:41:56,313 - INFO -   Added: 1/1 files to staging
2026-06-03 12:41:56,351 - ERROR -   Commit failed: 
2026-06-03 12:41:56,352 - WARNING - Chunk #3 marked as failed: git commit failed
2026-06-03 12:41:56,352 - ERROR - FAILED: Chunk #3 - git commit operation failed
2026-06-03 12:41:56,353 - INFO - ----------------------------------------------------------------------------------------------------
2026-06-03 12:41:56,353 - INFO - [4/589] Chunk #4 (157 files, 23.93MB)
2026-06-03 12:41:56,353 - INFO - ----------------------------------------------------------------------------------------------------
2026-06-03 12:42:01,227 - INFO -   Added: 157/157 files to staging
2026-06-03 12:42:01,277 - ERROR -   Commit failed: 
2026-06-03 12:42:01,283 - WARNING - Chunk #4 marked as failed: git commit failed
2026-06-03 12:42:01,283 - ERROR - FAILED: Chunk #4 - git commit operation failed
2026-06-03 12:42:01,284 - INFO - ----------------------------------------------------------------------------------------------------
2026-06-03 12:42:01,284 - INFO - [5/589] Chunk #5 (1 files, 25.0MB)
2026-06-03 12:42:01,284 - INFO - ----------------------------------------------------------------------------------------------------
2026-06-03 12:42:01,316 - INFO -   Added: 1/1 files to staging
2026-06-03 12:42:01,361 - ERROR -   Commit failed: 
2026-06-03 12:42:01,362 - WARNING - Chunk #5 marked as failed: git commit failed
2026-06-03 12:42:01,363 - ERROR - FAILED: Chunk #5 - git commit operation failed
2026-06-03 12:42:01,365 - INFO - ----------------------------------------------------------------------------------------------------
2026-06-03 12:42:01,366 - INFO - [6/589] Chunk #6 (15 files, 24.99MB)
2026-06-03 12:42:01,367 - INFO - ----------------------------------------------------------------------------------------------------
2026-06-03 12:42:01,860 - INFO -   Added: 15/15 files to staging
2026-06-03 12:42:01,904 - ERROR -   Commit failed: 
2026-06-03 12:42:01,906 - WARNING - Chunk #6 marked as failed: git commit failed
2026-06-03 12:42:01,906 - ERROR - FAILED: Chunk #6 - git commit operation failed
2026-06-03 12:42:01,907 - INFO - ----------------------------------------------------------------------------------------------------
2026-06-03 12:42:01,907 - INFO - [7/589] Chunk #7 (32 files, 23.27MB)
2026-06-03 12:42:01,907 - INFO - ----------------------------------------------------------------------------------------------------
2026-06-03 12:42:03,957 - INFO -   Added: 32/32 files to staging
2026-06-03 12:42:04,119 - INFO -   Committed: Chunk #7 - 32 files
2026-06-03 12:42:29,682 - INFO -   Pushed to remote repository
2026-06-03 12:42:29,683 - INFO - SUCCESS: Chunk #7 processed successfully
2026-06-03 12:42:29,685 - INFO - ----------------------------------------------------------------------------------------------------
2026-06-03 12:42:29,685 - INFO - [8/589] Chunk #8 (6 files, 22.6MB)
2026-06-03 12:42:29,686 - INFO - ----------------------------------------------------------------------------------------------------
2026-06-03 12:42:30,695 - INFO -   Added: 6/6 files to staging
2026-06-03 12:42:30,823 - INFO -   Committed: Chunk #8 - 6 files
2026-06-03 12:42:49,857 - INFO -   Pushed to remote repository
2026-06-03 12:42:49,857 - INFO - SUCCESS: Chunk #8 processed successfully
2026-06-03 12:42:49,858 - INFO - ----------------------------------------------------------------------------------------------------
2026-06-03 12:42:49,858 - INFO - [9/589] Chunk #9 (11 files, 22.93MB)
2026-06-03 12:42:49,858 - INFO - ----------------------------------------------------------------------------------------------------
2026-06-03 12:42:51,024 - INFO -   Added: 11/11 files to staging
2026-06-03 12:42:51,184 - INFO -   Committed: Chunk #9 - 11 files
2026-06-03 12:43:06,472 - INFO -   Pushed to remote repository
2026-06-03 12:43:06,474 - INFO - SUCCESS: Chunk #9 processed successfully
2026-06-03 12:43:06,474 - INFO - ----------------------------------------------------------------------------------------------------
2026-06-03 12:43:06,474 - INFO - [10/589] Chunk #10 (7 files, 23.87MB)
2026-06-03 12:43:06,474 - INFO - ----------------------------------------------------------------------------------------------------
2026-06-03 12:43:07,560 - INFO -   Added: 7/7 files to staging
2026-06-03 12:43:07,741 - INFO -   Committed: Chunk #10 - 7 files
2026-06-03 12:43:23,763 - INFO -   Pushed to remote repository
2026-06-03 12:43:23,763 - INFO - SUCCESS: Chunk #10 processed successfully
2026-06-03 12:43:23,763 - INFO - ----------------------------------------------------------------------------------------------------
2026-06-03 12:43:23,763 - INFO - [11/589] Chunk #11 (8 files, 24.92MB)
2026-06-03 12:43:23,764 - INFO - ----------------------------------------------------------------------------------------------------
2026-06-03 12:43:24,881 - INFO -   Added: 8/8 files to staging
2026-06-03 12:43:24,989 - INFO -   Committed: Chunk #11 - 8 files
2026-06-03 12:43:45,094 - INFO -   Pushed to remote repository
2026-06-03 12:43:45,095 - INFO - SUCCESS: Chunk #11 processed successfully
2026-06-03 12:43:45,095 - INFO - ----------------------------------------------------------------------------------------------------
2026-06-03 12:43:45,095 - INFO - [12/589] Chunk #12 (7 files, 23.3MB)
2026-06-03 12:43:45,095 - INFO - ----------------------------------------------------------------------------------------------------
2026-06-03 12:43:46,225 - INFO -   Added: 7/7 files to staging
2026-06-03 12:43:46,344 - INFO -   Committed: Chunk #12 - 7 files
2026-06-03 12:44:03,567 - INFO -   Pushed to remote repository
2026-06-03 12:44:03,569 - INFO - SUCCESS: Chunk #12 processed successfully
2026-06-03 12:44:03,569 - INFO - ----------------------------------------------------------------------------------------------------
2026-06-03 12:44:03,569 - INFO - [13/589] Chunk #13 (2 files, 6.2MB)
2026-06-03 12:44:03,570 - INFO - ----------------------------------------------------------------------------------------------------
2026-06-03 12:44:03,977 - INFO -   Added: 2/2 files to staging
2026-06-03 12:44:04,095 - INFO -   Committed: Chunk #13 - 2 files
2026-06-03 12:44:14,786 - INFO -   Pushed to remote repository
2026-06-03 12:44:14,786 - INFO - SUCCESS: Chunk #13 processed successfully
2026-06-03 12:44:14,786 - INFO - ----------------------------------------------------------------------------------------------------
2026-06-03 12:44:14,786 - INFO - [14/589] Chunk #14 (1 files, 25.0MB)
2026-06-03 12:44:14,787 - INFO - ----------------------------------------------------------------------------------------------------
2026-06-03 12:44:15,448 - INFO -   Added: 1/1 files to staging
2026-06-03 12:44:15,633 - INFO -   Committed: Chunk #14 - 1 files
2026-06-03 12:44:30,332 - INFO -   Pushed to remote repository
2026-06-03 12:44:30,332 - INFO - SUCCESS: Chunk #14 processed successfully
2026-06-03 12:44:30,332 - INFO - ----------------------------------------------------------------------------------------------------
2026-06-03 12:44:30,332 - INFO - [15/589] Chunk #15 (21 files, 24.03MB)
2026-06-03 12:44:30,333 - INFO - ----------------------------------------------------------------------------------------------------
2026-06-03 12:44:31,952 - INFO -   Added: 21/21 files to staging
2026-06-03 12:44:32,123 - INFO -   Committed: Chunk #15 - 21 files
2026-06-03 12:44:50,042 - INFO -   Pushed to remote repository
2026-06-03 12:44:50,043 - INFO - SUCCESS: Chunk #15 processed successfully
2026-06-03 12:44:50,043 - INFO - ----------------------------------------------------------------------------------------------------
2026-06-03 12:44:50,043 - INFO - [16/589] Chunk #16 (42 files, 22.3MB)
2026-06-03 12:44:50,044 - INFO - ----------------------------------------------------------------------------------------------------
2026-06-03 12:44:52,399 - INFO -   Added: 42/42 files to staging
2026-06-03 12:44:52,522 - INFO -   Committed: Chunk #16 - 42 files
2026-06-03 12:45:10,655 - INFO -   Pushed to remote repository
2026-06-03 12:45:10,656 - INFO - SUCCESS: Chunk #16 processed successfully
2026-06-03 12:45:10,656 - INFO - ----------------------------------------------------------------------------------------------------
2026-06-03 12:45:10,656 - INFO - [17/589] Chunk #17 (5 files, 24.58MB)
2026-06-03 12:45:10,657 - INFO - ----------------------------------------------------------------------------------------------------
2026-06-03 12:45:11,651 - INFO -   Added: 5/5 files to staging
2026-06-03 12:45:11,797 - INFO -   Committed: Chunk #17 - 5 files
2026-06-03 12:45:27,802 - INFO -   Pushed to remote repository
2026-06-03 12:45:27,803 - INFO - SUCCESS: Chunk #17 processed successfully
2026-06-03 12:45:27,804 - INFO - ----------------------------------------------------------------------------------------------------
2026-06-03 12:45:27,804 - INFO - [18/589] Chunk #18 (25 files, 24.55MB)
2026-06-03 12:45:27,804 - INFO - ----------------------------------------------------------------------------------------------------
2026-06-03 12:45:29,685 - INFO -   Added: 25/25 files to staging
2026-06-03 12:45:29,831 - INFO -   Committed: Chunk #18 - 25 files
2026-06-03 12:45:48,251 - INFO -   Pushed to remote repository
2026-06-03 12:45:48,251 - INFO - SUCCESS: Chunk #18 processed successfully
2026-06-03 12:45:48,252 - INFO - ----------------------------------------------------------------------------------------------------
2026-06-03 12:45:48,252 - INFO - [19/589] Chunk #19 (17 files, 24.54MB)
2026-06-03 12:45:48,253 - INFO - ----------------------------------------------------------------------------------------------------
2026-06-03 12:45:49,855 - INFO -   Added: 17/17 files to staging
2026-06-03 12:45:50,001 - INFO -   Committed: Chunk #19 - 17 files
2026-06-03 12:46:06,314 - INFO -   Pushed to remote repository
2026-06-03 12:46:06,314 - INFO - SUCCESS: Chunk #19 processed successfully
2026-06-03 12:46:06,314 - INFO - ----------------------------------------------------------------------------------------------------
2026-06-03 12:46:06,314 - INFO - [20/589] Chunk #20 (37 files, 24.62MB)
2026-06-03 12:46:06,315 - INFO - ----------------------------------------------------------------------------------------------------
2026-06-03 12:46:08,583 - INFO -   Added: 37/37 files to staging
2026-06-03 12:46:08,767 - INFO -   Committed: Chunk #20 - 37 files
2026-06-03 12:46:25,528 - INFO -   Pushed to remote repository
2026-06-03 12:46:25,529 - INFO - SUCCESS: Chunk #20 processed successfully
2026-06-03 12:46:25,529 - INFO - ----------------------------------------------------------------------------------------------------
2026-06-03 12:46:25,530 - INFO - [21/589] Chunk #21 (104 files, 24.62MB)
2026-06-03 12:46:25,530 - INFO - ----------------------------------------------------------------------------------------------------
